

Starting up round ID . 11:37:52
---------------------
[11:37:52]ADMIN: Loading Banlist
[11:37:52]ACCESS: Login: Qwertyquerty from localhost-714551027 || BYOND v512
[11:37:52]ACCESS: Mob Login: Qwertyquerty/(Qwertyquerty) was assigned to a /mob/dead/new_player
[11:37:55]GAME: Saved mode is 'extended'
[11:38:18]GAME: Hierophant's Arena loaded at at 197,95,5
[11:38:18]GAME: Summoning Ritual loaded at at 45,130,5
[11:38:18]GAME: Ruin of Pride loaded at at 139,144,5
[11:38:18]GAME: Animal Hospital loaded at at 61,115,5
[11:38:18]GAME: Syndicate Lava Base loaded at at 40,152,5
[11:38:18]GAME: Seed Vault loaded at at 196,192,5
[11:38:18]GAME: UFO Crash loaded at at 54,89,5
[11:38:19]GAME: Derelict 3 loaded at at 114,42,8
[11:38:19]GAME: Asteroid 2 loaded at at 178,27,7
[11:38:19]GAME: Derelict 4 loaded at at 112,170,4
[11:38:19]GAME: Asteroid 3 loaded at at 79,79,10
[11:38:19]GAME: Crashed Ship loaded at at 156,85,9
[11:38:19]GAME: Whiteship Dock loaded at at 41,151,9
[11:38:19]GAME: Syndicate Listening Station loaded at at 99,121,7
[11:38:19]GAME: Asteroid 4 loaded at at 123,120,9
[11:38:19]GAME: Derelict 6 loaded at at 135,162,10
[11:38:20]GAME: NT Medical Ship loaded at at 95,159,9
[11:38:20]GAME: SCP-294 Containment loaded at at 199,83,8
[11:38:20]GAME: Biological Storage Facility loaded at at 73,90,9
[11:38:20]GAME: Unnamed Turreted Outpost loaded at at 111,212,11
[11:38:20]GAME: Aesthetic Outpost loaded at at 124,26,9
[11:38:20]GAME: Empty Shell loaded at at 156,59,7
[11:38:20]GAME: Ordinary Space Tile loaded at at 57,154,8
[11:39:26]GAME: fancy transport ferry loaded at at 115,146,1
[11:39:27]GAME: Box Station Emergency Shuttle loaded at at 116,137,1
[11:39:27]GAME: basic syndicate infiltrator loaded at at 113,137,1
[11:39:27]GAME: cargo ferry (Box) loaded at at 118,142,1
[11:39:28]GAME: labour shuttle (Box) loaded at at 119,144,1
[11:39:28]GAME: arrival shuttle (Box) loaded at at 114,145,1
[11:39:28]GAME: mining shuttle (Box) loaded at at 119,145,1
[11:39:28]GAME: NT Medical Ship loaded at at 104,137,1
[11:41:00]ACCESS: Mob Login: Qwertyquerty/(Default Cyborg-563) was assigned to a /mob/living/silicon/robot
[11:41:05]EMOTE: *no key*/(monkey (927)) : <b>The monkey (927)</b> rolls. (50,179,5)
[11:41:05]SAY: Prison Ofitser/ : Engaging patrol mode. (23,36,5)
[11:41:05]SAY: Prison Ofitser/ : Disengaging patrol mode. (23,36,5)
[11:41:05]SAY: Officer Beepsky/ : Engaging patrol mode. (94,159,2)
[11:41:09]EMOTE: *no key*/(mouse) : <b>The mouse</b> runs in a circle. (98,78,2)
[11:41:28]SAY: Poly/ : Check the crystal, you chucklefucks! (119,82,2)
[11:41:40]EMOTE: *no key*/(Poly) : <b>Poly</b> flutters its wings. (119,79,2)
[11:41:43]EMOTE: *no key*/(Runtime) : <b>Runtime</b> shakes out its coat. (159,107,2)
[11:41:48]SAY: Nobody's Perfect/ : Radar, put a mask on! (24,75,1)
[11:41:50]SAY: Poly/ : I have lived many lives! (117,80,2)
[11:41:51]EMOTE: *no key*/(monkey (968)) : <b>The monkey (968)</b> rolls. (159,99,2)
[11:41:52]SAY: mouse/ : Squeek! (97,78,2)
[11:41:52]SAY: Poly/ : OH GOD ITS ABOUT TO DELAMINATE CALL THE SHUTTLE (117,81,2)
[11:42:03]EMOTE: *no key*/(monkey (903)) : <b>The monkey (903)</b> jumps! (160,116,2)
[11:42:10]SAY: mouse/ : Squeek? (97,159,2)
[11:42:13]EMOTE: *no key*/(Runtime) : <b>Runtime</b> twitches its whiskers. (160,107,2)
[11:42:14]EMOTE: *no key*/(Poly) : <b>Poly</b> bawks! (119,79,2)
[11:42:17]EMOTE: *no key*/(monkey (50)) : <b>The monkey (50)</b> scratches. (158,100,2)
[11:42:20]EMOTE: *no key*/(Poly) : <b>Poly</b> turns and flies towards the Power-ON cartridge. (118,79,2)
[11:42:22]SAY: mouse/ : Squeek! (97,81,2)
[11:42:27]EMOTE: *no key*/(Runtime) : <b>Runtime</b> wags its tail. (160,108,2)
[11:42:30]EMOTE: *no key*/(mouse) : <b>The mouse</b> shakes. (79,129,2)
[11:42:39]GAME: Random Event triggering: Minor Space Dust (/datum/round_event/space_dust)
[11:42:39]EMOTE: *no key*/(monkey (909)) : <b>The monkey (909)</b> rolls. (50,179,5)
[11:42:39]EMOTE: *no key*/(monkey (968)) : <b>The monkey (968)</b> jumps! (157,100,2)
[11:42:43]EMOTE: *no key*/(monkey (968)) : <b>The monkey (968)</b> waves his tail. (157,100,2)
[11:42:44]EMOTE: *no key*/(penguin) : <b>Babbe</b> noots! (144,137,2)
[11:42:46]SAY: Runtime/ : Meow! (160,108,2)
[11:42:48]SAY: Medibot/ : There&#39;s always a catch, and I&#39;m the best there is. (155,73,1)
[11:42:48]SAY: Poly/ : Check the crystal, you chucklefucks! (119,79,2)
[11:42:50]SAY: Poly/ : I have lived many lives! (119,79,2)
[11:42:50]EMOTE: *no key*/(penguin) : <b>Babbe</b> noots! (144,137,2)
[11:42:54]SAY: Poly/ : Poly wanna cracker! (119,80,2)
[11:42:55]EMOTE: *no key*/(monkey (186)) : <b>The monkey (186)</b> scratches. (56,185,5)
[11:42:55]EMOTE: *no key*/(Runtime) : <b>Runtime</b> sits down. (160,108,2)
[11:42:57]EMOTE: *no key*/(Runtime) : <b>Runtime</b> walks around. (160,108,2)
[11:42:57]EMOTE: *no key*/(monkey (188)) : <b>The monkey (188)</b> scratches. (160,118,2)
[11:43:00]EMOTE: *no key*/(Poly) : <b>Poly</b> squawks. (119,79,2)
[11:43:02]SAY: mouse/ : SQUEEK! (103,99,2)
[11:43:02]SAY: mouse/ : SQUEEK! (181,151,2)
[11:43:14]SAY: Poly/ : I have lived many lives! (118,79,2)
[11:43:22]EMOTE: *no key*/(monkey (927)) : <b>The monkey (927)</b> jumps! (48,178,5)
[11:43:26]EMOTE: *no key*/(Runtime) : <b>Runtime</b> shakes out its coat. (157,108,2)
[11:43:29]SAY: Nobody's Perfect/ : What kind of medbay is this? Everyone&#39;s dropping like flies. (24,75,1)
[11:43:37]EMOTE: *no key*/(mouse) : <b>The mouse</b> shakes. (109,107,2)
[11:43:39]SAY: Ian/ : AUUUUUU (108,117,2)
[11:43:44]EMOTE: *no key*/(monkey (643)) : <b>The monkey (643)</b> jumps! (158,99,2)
[11:43:44]EMOTE: *no key*/(Ian) : <b>Ian</b> chases its tail! (108,118,2)
[11:43:47]EMOTE: *no key*/(Poly) : <b>Poly</b> bawks! (115,79,2)
[11:43:49]SAY: Poly/ : Check the crystal, you chucklefucks! (115,79,2)
[11:44:01]SAY: mouse/ : Squeek! (104,97,2)
[11:44:02]SAY: grey baby slime (968)/ : Blorble... (177,93,2)
[11:44:12]EMOTE: *no key*/(Runtime) : <b>Runtime</b> stretches out for a belly rub. (157,109,2)
[11:44:13]SAY: Ian/ : AUUUUUU (108,118,2)
[11:44:14]EMOTE: *no key*/(monkey (643)) : <b>The monkey (643)</b> waves her tail. (157,99,2)
[11:44:15]SAY: Nobody's Perfect/ : I knew it, I should&#39;ve been a plastic surgeon. (24,75,1)
[11:44:17]SAY: Poly/ : Poly wanna cracker! (115,79,2)
[11:44:23]SAY: Medibot/ : There&#39;s always a catch, and I&#39;m the best there is. (155,73,1)
[11:44:25]EMOTE: *no key*/(Paperwork) : <b>Paperwork</b> dozes off. (76,123,2)
[11:44:27]EMOTE: *no key*/(Poly) : <b>Poly</b> looks in the Power-ON cartridge's direction and takes flight. (115,79,2)
[11:44:28]EMOTE: *no key*/(monkey (911)) : <b>The monkey (911)</b> jumps! (161,117,2)
[11:44:29]EMOTE: *no key*/(crab) : <b>The crab</b> clicks. (76,93,9)
[11:44:31]SAY: Poly/ : Wire the solars, you lazy bums! (116,79,2)
[11:44:33]EMOTE: *no key*/(mouse) : <b>The mouse</b> shakes. (101,96,2)
[11:44:37]EMOTE: *no key*/(Poly) : <b>Poly</b> bawks! (116,79,2)
[11:44:41]EMOTE: *no key*/(mouse) : <b>The mouse</b> shakes. (126,160,2)
[11:44:43]EMOTE: *no key*/(crab) : <b>The crab</b> clacks. (76,93,9)
[11:44:43]SAY: Poly/ : Wire the solars, you lazy bums! (116,79,2)
[11:44:44]EMOTE: *no key*/(monkey (186)) : <b>The monkey (186)</b> scratches. (56,185,5)
[11:44:45]EMOTE: *no key*/(crab) : <b>The crab</b> clicks. (76,93,9)
[11:44:51]SAY: Poly/ : Poly wanna cracker! (116,79,2)
[11:44:55]EMOTE: *no key*/(Poly) : <b>Poly</b> squawks. (116,79,2)
[11:44:55]SAY: Babbe/ : gah (145,137,2)
[11:44:56]EMOTE: *no key*/(Runtime) : <b>Runtime</b> wags its tail. (157,109,2)
[11:44:59]SAY: Poly/ : OH GOD ITS ABOUT TO DELAMINATE CALL THE SHUTTLE (116,80,2)
[11:45:08]EMOTE: *no key*/(Ian) : <b>Ian</b> dances around. (109,117,2)
[11:45:16]EMOTE: *no key*/(monkey (718)) : <b>The monkey (718)</b> scratches. (49,179,5)
[11:45:18]EMOTE: *no key*/(monkey (186)) : <b>The monkey (186)</b> rolls. (56,184,5)
[11:45:27]SAY: Poly/ : OH GOD ITS ABOUT TO DELAMINATE CALL THE SHUTTLE (115,79,2)
[11:45:32]EMOTE: *no key*/(Runtime) : <b>Runtime</b> wags its tail. (157,109,2)
[11:45:37]SAY: mouse/ : Squeek? (106,97,2)
[11:45:38]EMOTE: *no key*/(Runtime) : <b>Runtime</b> stops resting. (157,109,2)
[11:45:39]EMOTE: *no key*/(mouse) : <b>The mouse</b> squeeks. (97,156,2)
[11:45:47]EMOTE: *no key*/(Poly) : <b>Poly</b> squawks. (115,79,2)
[11:45:52]EMOTE: *no key*/(grey baby slime (955)) : <b>The grey baby slime (955)</b> vibrates! (165,92,2)
[11:45:57]EMOTE: *no key*/(Poly) : <b>Poly</b> looks in the Power-ON cartridge's direction and takes flight. (115,79,2)
[11:46:03]SAY: Runtime/ : Meow! (158,109,2)
[11:46:04]SAY: grey baby slime (955)/ : Lonely... (166,92,2)
[11:46:09]EMOTE: *no key*/(crab) : <b>The crab</b> clicks. (76,93,9)
[11:46:09]EMOTE: *no key*/(Poly) : <b>Poly</b> squawks. (116,79,2)
[11:46:10]EMOTE: *no key*/(monkey (968)) : <b>The monkey (968)</b> rolls. (157,101,2)
[11:46:10]EMOTE: *no key*/(Ian) : <b>Ian</b> dances around. (109,118,2)
[11:46:11]EMOTE: *no key*/(Poly) : <b>Poly</b> squawks. (116,80,2)
[11:46:15]SAY: Poly/ : OH GOD ITS ABOUT TO DELAMINATE CALL THE SHUTTLE (117,80,2)
[11:46:32]EMOTE: *no key*/(monkey (209)) : <b>The monkey (209)</b> rolls. (161,100,2)
[11:46:52]SAY: mouse/ : Squeek? (96,81,2)
[11:46:55]GAME: Radiation pulse with intensity:3000 and range modifier:2 in area Supermatter Engine 
[11:46:55]ACCESS: Mob Login: Qwertyquerty/(Default Cyborg-563) was assigned to a /mob/dead/observer
[11:46:56]EMOTE: *no key*/(Poly) : <b>Poly</b> bawks! (115,79,2)
[11:46:56]EMOTE: *no key*/(penguin) : <b>Babbe</b> flaps it's wings. (145,137,2)
[11:46:58]EMOTE: *no key*/(mouse) : <b>The mouse</b> squeeks. (75,127,2)
[11:46:59]EMOTE: *no key*/(monkey (968)) : <b>The monkey (968)</b> scratches. (158,100,2)
[11:47:01]EMOTE: *no key*/(monkey (911)) : <b>The monkey (911)</b> rolls. (161,118,2)
[11:47:05]EMOTE: *no key*/(monkey (553)) : <b>The monkey (553)</b> waves his tail. (48,179,5)
[11:47:08]SAY: mouse/ : Squeek! (76,127,2)
[11:47:08]EMOTE: *no key*/(Poly) : <b>Poly</b> bawks! (115,79,2)
[11:47:12]EMOTE: *no key*/(Poly) : <b>Poly</b> looks in the Power-ON cartridge's direction and takes flight. (115,79,2)
[11:47:14]EMOTE: *no key*/(Poly) : <b>Poly</b> squawks. (115,79,2)
[11:47:18]EMOTE: *no key*/(mouse) : <b>The mouse</b> shakes. (110,109,2)
[11:47:18]SAY: Poly/ : Check the crystal, you chucklefucks! (116,79,2)
[11:47:19]EMOTE: *no key*/(grey baby slime (955)) : <b>The grey baby slime (955)</b> lights up for a bit, then stops. (166,93,2)
[11:47:21]SAY: grey baby slime (968)/ : Blop... (176,92,2)
[11:47:34]EMOTE: *no key*/(butterfly) : <b>The butterfly</b> stops moving... (133,29,9)
[11:47:40]SAY: Poly/ : WHO TOOK THE DAMN HARDSUITS? (116,80,2)
[11:47:43]EMOTE: *no key*/(monkey (718)) : <b>The monkey (718)</b> rolls. (49,179,5)
[11:47:46]SAY: Poly/ : I have lived many lives! (116,80,2)
[11:47:54]EMOTE: *no key*/(Paperwork) : <b>Paperwork</b> yawns. (82,122,2)
[11:48:04]SAY: Poly/ : Check the crystal, you chucklefucks! (115,79,2)
[11:48:05]EMOTE: *no key*/(grey baby slime (955)) : <b>The grey baby slime (955)</b> vibrates! (167,93,2)
[11:48:05]EMOTE: *no key*/(Runtime) : <b>Runtime</b> looks alert. (159,106,2)
[11:48:09]EMOTE: *no key*/(Runtime) : <b>Runtime</b> walks around. (159,106,2)
[11:48:11]EMOTE: *no key*/(Ian) : <b>Ian</b> dances around. (109,116,2)
[11:48:12]SAY: Poly/ : Wire the solars, you lazy bums! (115,79,2)
[11:48:12]SAY: Babbe/ : noot (143,137,2)
[11:48:18]EMOTE: *no key*/(mouse) : <b>The mouse</b> shakes. (98,95,2)
[11:48:24]EMOTE: *no key*/(Poly) : <b>Poly</b> bawks! (115,79,2)
[11:48:26]EMOTE: *no key*/(crab) : <b>The crab</b> clacks. (75,93,9)
[11:48:32]EMOTE: *no key*/(mouse) : <b>The mouse</b> shakes. (109,107,2)
[11:48:37]EMOTE: *no key*/(monkey (911)) : <b>The monkey (911)</b> waves his tail. (160,117,2)
[11:48:38]EMOTE: *no key*/(Poly) : <b>Poly</b> looks in the Power-ON cartridge's direction and takes flight. (115,79,2)
[11:48:41]EMOTE: *no key*/(monkey (442)) : <b>The monkey (442)</b> scratches. (56,184,5)
[11:48:45]EMOTE: *no key*/(monkey (927)) : <b>The monkey (927)</b> waves her tail. (48,179,5)
[11:48:46]EMOTE: *no key*/(Poly) : <b>Poly</b> squawks. (116,79,2)
[11:48:47]EMOTE: *no key*/(monkey (186)) : <b>The monkey (186)</b> scratches. (56,185,5)
[11:48:50]SAY: Poly/ : Check the crystal, you chucklefucks! (116,79,2)
[11:48:52]EMOTE: *no key*/(penguin) : <b>Babbe</b> noots! (143,136,2)
[11:48:54]SAY: mouse/ : SQUEEK! (181,152,2)
[11:48:59]SAY: mouse/ : Squeek? (123,160,2)
[11:49:05]SAY: Poly/ : I have lived many lives! (115,79,2)
[11:49:05]EMOTE: *no key*/(monkey (50)) : <b>The monkey (50)</b> rolls. (161,99,2)
[11:49:09]EMOTE: *no key*/(monkey (331)) : <b>The monkey (331)</b> rolls. (159,99,2)
[11:49:11]SAY: Poly/ : Poly wanna cracker! (115,79,2)
[11:49:11]SAY: Runtime/ : Esp! (158,107,2)
[11:49:13]SAY: Poly/ : WHO TOOK THE DAMN HARDSUITS? (115,79,2)
[11:49:17]SAY: Poly/ : Check the crystal, you chucklefucks! (115,79,2)
[11:49:22]EMOTE: *no key*/(monkey (398)) : <b>The monkey (398)</b> scratches. (161,117,2)
[11:49:23]SAY: Poly/ : Wire the solars, you lazy bums! (115,79,2)
[11:49:33]EMOTE: *no key*/(mouse) : <b>The mouse</b> runs in a circle. (106,98,2)
[11:49:37]EMOTE: *no key*/(Poly) : <b>Poly</b> flutters its wings. (115,79,2)
[11:49:39]SAY: mouse/ : Squeek! (79,126,2)
[11:49:43]EMOTE: *no key*/(Poly) : <b>Poly</b> looks in the Power-ON cartridge's direction and takes flight. (115,79,2)
[11:49:45]SAY: Tom/ : Squeek! (106,189,2)
[11:49:47]SAY: mouse/ : Squeek! (93,82,2)
[11:50:01]EMOTE: *no key*/(crab) : <b>The crab</b> clacks. (77,93,9)
[11:50:01]EMOTE: *no key*/(Poly) : <b>Poly</b> squawks. (116,79,2)
[11:50:11]SAY: Poly/ : Wire the solars, you lazy bums! (116,79,2)
[11:50:17]SAY: Nobody's Perfect/ : I knew it, I should&#39;ve been a plastic surgeon. (24,75,1)
[11:50:21]EMOTE: *no key*/(Poly) : <b>Poly</b> squawks. (117,80,2)
[11:50:23]EMOTE: *no key*/(mouse) : <b>The mouse</b> squeeks. (107,109,2)
[11:50:32]SAY: Nobody's Perfect/ : Radar, put a mask on! (24,75,1)
[11:50:34]EMOTE: *no key*/(monkey (186)) : <b>The monkey (186)</b> rolls. (56,184,5)
[11:50:38]SAY: Poly/ : OH GOD ITS ABOUT TO DELAMINATE CALL THE SHUTTLE (115,79,2)
[11:50:38]EMOTE: *no key*/(Tom) : <b>Tom</b> squeeks. (106,191,2)
[11:50:40]SAY: Poly/ : OH GOD ITS ABOUT TO DELAMINATE CALL THE SHUTTLE (115,79,2)
[11:50:42]EMOTE: *no key*/(Poly) : <b>Poly</b> squawks. (115,79,2)
[11:50:44]SAY: emergency Medibot/ : Radar, put a mask on! (76,124,5)
[11:50:48]EMOTE: *no key*/(mouse) : <b>The mouse</b> runs in a circle. (95,81,2)
[11:50:50]EMOTE: *no key*/(mouse) : <b>The mouse</b> runs in a circle. (105,98,2)
[11:50:53]EMOTE: *no key*/(monkey (903)) : <b>The monkey (903)</b> jumps! (160,117,2)
[11:50:55]EMOTE: *no key*/(monkey (909)) : <b>The monkey (909)</b> rolls. (48,179,5)
[11:50:56]SAY: Poly/ : Poly wanna cracker! (115,79,2)
[11:50:58]EMOTE: *no key*/(Poly) : <b>Poly</b> squawks. (115,79,2)
[11:51:02]EMOTE: *no key*/(Poly) : <b>Poly</b> flutters its wings. (115,79,2)
[11:51:04]SAY: Poly/ : I have lived many lives! (115,79,2)
[11:51:05]EMOTE: *no key*/(monkey (911)) : <b>The monkey (911)</b> rolls. (161,119,2)
[11:51:13]EMOTE: *no key*/(monkey (968)) : <b>The monkey (968)</b> jumps! (159,99,2)
[11:51:14]EMOTE: *no key*/(Poly) : <b>Poly</b> looks in the Power-ON cartridge's direction and takes flight. (115,79,2)
[11:51:15]EMOTE: *no key*/(monkey (50)) : <b>The monkey (50)</b> rolls. (157,101,2)
[11:51:18]EMOTE: *no key*/(crab) : <b>The crab</b> clacks. (75,93,9)
[11:51:23]EMOTE: *no key*/(Ian) : <b>Ian</b> chases its tail! (109,118,2)
[11:51:28]SAY: Poly/ : Poly wanna cracker! (115,79,2)
[11:51:35]EMOTE: *no key*/(monkey (718)) : <b>The monkey (718)</b> waves his tail. (48,178,5)
[11:51:37]GAME: Random Event triggering: Minor Space Dust (/datum/round_event/space_dust)
[11:51:37]EMOTE: *no key*/(mouse) : <b>The mouse</b> runs in a circle. (107,109,2)
[11:51:37]SAY: Ian/ : AUUUUUU (109,118,2)
[11:51:37]EMOTE: *no key*/(Runtime) : <b>Runtime</b> shakes out its coat. (159,106,2)
[11:51:39]EMOTE: *no key*/(Poly) : <b>Poly</b> squawks. (115,79,2)
[11:51:41]EMOTE: *no key*/(monkey (927)) : <b>The monkey (927)</b> jumps! (50,178,5)
[11:51:45]SAY: Runtime/ : Purr! (159,106,2)
[11:51:47]SAY: mouse/ : Squeek! (107,98,2)
[11:51:55]EMOTE: *no key*/(Poly) : <b>Poly</b> bawks! (115,79,2)
[11:51:55]EMOTE: *no key*/(Ian) : <b>Ian</b> chases its tail! (109,117,2)
[11:52:01]SAY: mouse/ : SQUEEK! (95,153,2)
[11:52:05]EMOTE: *no key*/(monkey (321)) : <b>The monkey (321)</b> waves her tail. (160,120,2)
[11:52:17]EMOTE: *no key*/(Paperwork) : <b>Paperwork</b> dozes off. (80,121,2)
[11:52:19]EMOTE: *no key*/(Poly) : <b>Poly</b> looks in the Power-ON cartridge's direction and takes flight. (115,79,2)
[11:52:19]EMOTE: *no key*/(Poly) : <b>Poly</b> bawks! (115,79,2)
[11:52:19]EMOTE: *no key*/(grey baby slime (968)) : <b>The grey baby slime (968)</b> vibrates! (175,92,2)
[11:52:24]GAME: Explosion with size (3.5875, 9.175, 11.175, 0) in area Supermatter Engine (113,66,2)
[11:52:26]SAY: Ian/ : YAP (109,117,2)
[11:52:39]SAY: Poly/ : Check the crystal, you chucklefucks! (115,79,2)
[11:52:39]EMOTE: *no key*/(monkey (442)) : <b>The monkey (442)</b> waves her tail. (56,184,5)
[11:52:44]EMOTE: *no key*/(grey baby slime (968)) : <b>The grey baby slime (968)</b> jiggles! (175,94,2)
[11:52:58]SAY: grey baby slime (968)/ : Lonely... (175,93,2)
[11:52:58]EMOTE: *no key*/(Ian) : <b>Ian</b> chases its tail! (109,118,2)
[11:53:00]EMOTE: *no key*/(Ian) : <b>Ian</b> dances around. (109,118,2)
[11:53:05]EMOTE: *no key*/(Paperwork) : <b>Paperwork</b> dozes off. (79,123,2)
[11:53:11]SAY: Poly/ : OH GOD ITS ABOUT TO DELAMINATE CALL THE SHUTTLE (115,79,2)
[11:53:13]SAY: Poly/ : Wire the solars, you lazy bums! (115,79,2)
[11:53:15]EMOTE: *no key*/(monkey (927)) : <b>The monkey (927)</b> scratches. (49,178,5)
[11:53:17]SAY: Poly/ : WHO TOOK THE DAMN HARDSUITS? (115,79,2)
[11:53:20]SAY: Poly/ : Poly wanna cracker! (115,79,2)
[11:53:20]EMOTE: *no key*/(Paperwork) : <b>Paperwork</b> looks around sleepily. (79,123,2)
[11:53:24]SAY: Poly/ : Poly wanna cracker! (115,79,2)
[11:53:26]SAY: mouse/ : Squeek! (107,97,2)
[11:53:26]SAY: Medibot/ : Radar, put a mask on! (154,73,1)
[11:53:30]SAY: mouse/ : Squeek! (99,96,2)
[11:53:32]EMOTE: *no key*/(Poly) : <b>Poly</b> looks in the Power-ON cartridge's direction and takes flight. (115,79,2)
[11:53:32]EMOTE: *no key*/(Poly) : <b>Poly</b> flutters its wings. (115,79,2)
[11:53:35]EMOTE: *no key*/(Paperwork) : <b>Paperwork</b> yawns. (78,122,2)
[11:53:41]SAY: Poly/ : Wire the solars, you lazy bums! (116,79,2)
[11:53:42]EMOTE: *no key*/(monkey (718)) : <b>The monkey (718)</b> waves his tail. (48,178,5)
[11:53:45]EMOTE: *no key*/(Ian) : <b>Ian</b> chases its tail! (108,118,2)
[11:53:45]EMOTE: *no key*/(Poly) : <b>Poly</b> flutters its wings. (116,79,2)
[11:53:47]EMOTE: *no key*/(Poly) : <b>Poly</b> flutters its wings. (116,79,2)
[11:53:49]EMOTE: *no key*/(grey baby slime (968)) : <b>The grey baby slime (968)</b> bounces in place. (175,94,2)
[11:54:02]SAY: Poly/ : OH GOD ITS ABOUT TO DELAMINATE CALL THE SHUTTLE (116,82,2)
[11:54:11]EMOTE: *no key*/(Tom) : <b>Tom</b> runs in a circle. (104,187,2)
[11:54:14]EMOTE: *no key*/(monkey (260)) : <b>The monkey (260)</b> waves her tail. (161,118,2)
[11:54:15]SAY: Poly/ : I have lived many lives! (115,79,2)
[11:54:19]EMOTE: *no key*/(mouse) : <b>The mouse</b> runs in a circle. (118,160,2)
[11:54:19]EMOTE: *no key*/(Poly) : <b>Poly</b> squawks. (115,79,2)
[11:54:20]EMOTE: *no key*/(monkey (927)) : <b>The monkey (927)</b> scratches. (49,178,5)
[11:54:27]EMOTE: *no key*/(monkey (718)) : <b>The monkey (718)</b> scratches. (49,179,5)
[11:54:28]EMOTE: *no key*/(mouse) : <b>The mouse</b> runs in a circle. (108,109,2)
[11:54:31]EMOTE: *no key*/(monkey (903)) : <b>The monkey (903)</b> scratches. (160,120,2)
[11:54:32]SAY: Poly/ : Check the crystal, you chucklefucks! (115,79,2)
[11:54:32]SAY: Nobody's Perfect/ : There&#39;s always a catch, and I&#39;m the best there is. (24,75,1)
[11:54:33]EMOTE: *no key*/(Runtime) : <b>Runtime</b> shakes out its coat. (158,109,2)
[11:54:34]SAY: Medibot/ : I knew it, I should&#39;ve been a plastic surgeon. (154,73,1)
[11:54:34]EMOTE: *no key*/(Poly) : <b>Poly</b> squawks. (115,79,2)
[11:54:35]EMOTE: *no key*/(monkey (260)) : <b>The monkey (260)</b> jumps! (161,120,2)
[11:54:43]SAY: mouse/ : Squeek! (90,82,2)
[11:54:51]SAY: Poly/ : I have lived many lives! (115,79,2)
[11:54:56]EMOTE: *no key*/(monkey (718)) : <b>The monkey (718)</b> scratches. (49,178,5)
[11:55:05]EMOTE: *no key*/(Poly) : <b>Poly</b> looks in the Power-ON cartridge's direction and takes flight. (115,79,2)
[11:55:05]SAY: Poly/ : WHO TOOK THE DAMN HARDSUITS? (115,79,2)
[11:55:09]SAY: Poly/ : I have lived many lives! (116,79,2)
[11:55:09]EMOTE: *no key*/(Tom) : <b>Tom</b> runs in a circle. (104,185,2)
[11:55:16]EMOTE: *no key*/(monkey (331)) : <b>The monkey (331)</b> scratches. (161,100,2)
[11:55:20]SAY: Poly/ : Wire the solars, you lazy bums! (115,79,2)
[11:55:22]EMOTE: *no key*/(Paperwork) : <b>Paperwork</b> yawns. (79,121,2)
[11:55:26]SAY: Poly/ : WHO TOOK THE DAMN HARDSUITS? (115,79,2)
[11:55:34]EMOTE: *no key*/(Poly) : <b>Poly</b> flutters its wings. (115,79,2)
[11:55:43]SAY: Poly/ : Check the crystal, you chucklefucks! (115,79,2)
[11:55:45]EMOTE: *no key*/(crab) : <b>The crab</b> clicks. (74,93,9)
[11:55:49]EMOTE: *no key*/(Poly) : <b>Poly</b> squawks. (115,79,2)
[11:55:54]SAY: Poly/ : I have lived many lives! (115,79,2)
[11:55:58]SAY: emergency Medibot/ : Radar, put a mask on! (76,124,5)
[11:56:04]EMOTE: *no key*/(Ian) : <b>Ian</b> dances around. (109,118,2)
[11:56:09]EMOTE: *no key*/(Poly) : <b>Poly</b> flutters its wings. (115,79,2)
[11:56:11]EMOTE: *no key*/(Poly) : <b>Poly</b> looks in the Power-ON cartridge's direction and takes flight. (115,79,2)
[11:56:14]GAME: Random Event triggering: Minor Space Dust (/datum/round_event/space_dust)
[11:56:15]EMOTE: *no key*/(Paperwork) : <b>Paperwork</b> looks around sleepily. (78,119,2)
[11:56:23]EMOTE: *no key*/(monkey (909)) : <b>The monkey (909)</b> scratches. (49,178,5)
[11:56:25]EMOTE: *no key*/(monkey (398)) : <b>The monkey (398)</b> scratches. (161,117,2)
[11:56:25]SAY: emergency Medibot/ : Radar, put a mask on! (76,124,5)
[11:56:28]SAY: Poly/ : I have lived many lives! (115,79,2)
[11:56:30]SAY: Poly/ : Wire the solars, you lazy bums! (115,79,2)
[11:56:40]EMOTE: *no key*/(Poly) : <b>Poly</b> bawks! (115,79,2)
[11:56:43]EMOTE: *no key*/(mouse) : <b>The mouse</b> shakes. (110,98,2)
[11:56:44]EMOTE: *no key*/(monkey (718)) : <b>The monkey (718)</b> waves his tail. (50,178,5)
[11:56:45]SAY: Poly/ : Wire the solars, you lazy bums! (115,79,2)
[11:56:47]SAY: emergency Medibot/ : I knew it, I should&#39;ve been a plastic surgeon. (76,124,5)
[11:56:51]SAY: mouse/ : Squeek! (94,153,2)
[11:56:51]SAY: Poly/ : Poly wanna cracker! (115,79,2)
[11:56:53]SAY: emergency Medibot/ : What kind of medbay is this? Everyone&#39;s dropping like flies. (76,124,5)
[11:56:59]SAY: mouse/ : SQUEEK! (97,78,2)
[11:57:02]SAY: Ian/ : Bark! (109,118,2)
[11:57:12]SAY: Poly/ : I have lived many lives! (115,79,2)
[11:57:16]SAY: Poly/ : Check the crystal, you chucklefucks! (115,79,2)
[11:57:18]EMOTE: *no key*/(monkey (553)) : <b>The monkey (553)</b> jumps! (49,178,5)
[11:57:20]EMOTE: *no key*/(Poly) : <b>Poly</b> looks in the Power-ON cartridge's direction and takes flight. (115,79,2)
[11:57:31]SAY: Poly/ : WHO TOOK THE DAMN HARDSUITS? (116,79,2)
[11:57:37]EMOTE: *no key*/(monkey (186)) : <b>The monkey (186)</b> waves his tail. (56,185,5)
[11:57:39]EMOTE: *no key*/(grey baby slime (955)) : <b>The grey baby slime (955)</b> jiggles! (166,94,2)
[11:57:43]SAY: Poly/ : WHO TOOK THE DAMN HARDSUITS? (116,79,2)
[11:57:47]EMOTE: *no key*/(monkey (209)) : <b>The monkey (209)</b> scratches. (159,100,2)
[11:57:47]SAY: mouse/ : Squeek? (90,82,2)
[11:57:47]SAY: Runtime/ : Purr! (159,107,2)
[11:57:55]EMOTE: *no key*/(monkey (718)) : <b>The monkey (718)</b> rolls. (48,179,5)
[11:57:58]EMOTE: *no key*/(Runtime) : <b>Runtime</b> shakes its head. (159,106,2)
[11:57:59]EMOTE: *no key*/(monkey (331)) : <b>The monkey (331)</b> rolls. (159,99,2)
[11:58:02]SAY: Tom/ : SQUEEK! (103,185,2)
[11:58:03]EMOTE: *no key*/(monkey (553)) : <b>The monkey (553)</b> rolls. (50,178,5)
[11:58:10]EMOTE: *no key*/(Poly) : <b>Poly</b> bawks! (115,79,2)
[11:58:12]EMOTE: *no key*/(monkey (903)) : <b>The monkey (903)</b> rolls. (161,120,2)
[11:58:16]EMOTE: *no key*/(Poly) : <b>Poly</b> flutters its wings. (115,79,2)
[11:58:24]EMOTE: *no key*/(monkey (909)) : <b>The monkey (909)</b> waves her tail. (48,178,5)
[11:58:25]SAY: Poly/ : Poly wanna cracker! (115,79,2)
[11:58:29]SAY: Medibot/ : Delicious! (155,73,1)
[11:58:36]EMOTE: *no key*/(monkey (911)) : <b>The monkey (911)</b> rolls. (161,120,2)
[11:58:39]EMOTE: *no key*/(Poly) : <b>Poly</b> looks in the Power-ON cartridge's direction and takes flight. (115,79,2)
[11:58:39]SAY: Babbe/ : noot! (143,134,2)
[11:58:54]EMOTE: *no key*/(mouse) : <b>The mouse</b> shakes. (186,155,2)
[11:58:55]EMOTE: *no key*/(monkey (968)) : <b>The monkey (968)</b> scratches. (161,99,2)
[11:58:58]SAY: Poly/ : Check the crystal, you chucklefucks! (116,80,2)
[11:59:10]EMOTE: *no key*/(monkey (186)) : <b>The monkey (186)</b> scratches. (56,185,5)
[11:59:12]SAY: Poly/ : Poly wanna cracker! (115,79,2)
[11:59:12]SAY: Nobody's Perfect/ : What kind of medbay is this? Everyone&#39;s dropping like flies. (24,75,1)
[11:59:15]SAY: mouse/ : Squeek! (96,77,2)
[11:59:16]EMOTE: *no key*/(monkey (260)) : <b>The monkey (260)</b> waves her tail. (161,116,2)
[11:59:17]SAY: Poly/ : Check the crystal, you chucklefucks! (115,79,2)
[11:59:20]EMOTE: *no key*/(monkey (968)) : <b>The monkey (968)</b> rolls. (161,100,2)
[11:59:20]EMOTE: *no key*/(monkey (260)) : <b>The monkey (260)</b> scratches. (161,116,2)
[11:59:23]EMOTE: *no key*/(Poly) : <b>Poly</b> bawks! (115,79,2)
[11:59:31]SAY: Medibot/ : What kind of medbay is this? Everyone&#39;s dropping like flies. (154,73,1)
[11:59:31]SAY: Poly/ : WHO TOOK THE DAMN HARDSUITS? (115,79,2)
[11:59:33]SAY: Poly/ : WHO TOOK THE DAMN HARDSUITS? (115,79,2)
[11:59:37]EMOTE: *no key*/(Paperwork) : <b>Paperwork</b> dozes off. (82,120,2)
[11:59:42]EMOTE: *no key*/(Poly) : <b>Poly</b> bawks! (115,79,2)
[11:59:47]EMOTE: *no key*/(grey baby slime (955)) : <b>The grey baby slime (955)</b> jiggles! (167,94,2)
[11:59:51]EMOTE: *no key*/(monkey (553)) : <b>The monkey (553)</b> rolls. (49,179,5)
[11:59:52]EMOTE: *no key*/(Poly) : <b>Poly</b> looks in the Power-ON cartridge's direction and takes flight. (115,79,2)
[11:59:54]EMOTE: *no key*/(mouse) : <b>The mouse</b> squeeks. (78,126,2)
[11:59:56]EMOTE: *no key*/(Poly) : <b>Poly</b> flutters its wings. (116,79,2)
[12:00:01]EMOTE: *no key*/(mouse) : <b>The mouse</b> runs in a circle. (90,82,2)
[12:00:07]SAY: mouse/ : Squeek! (97,78,2)
[12:00:09]EMOTE: *no key*/(Poly) : <b>Poly</b> squawks. (117,80,2)
[12:00:10]EMOTE: *no key*/(Ian) : <b>Ian</b> chases its tail! (109,116,2)
[12:00:16]EMOTE: *no key*/(Runtime) : <b>Runtime</b> looks alert. (159,108,2)
[12:00:21]SAY: mouse/ : Squeek! (119,160,2)
[12:00:23]SAY: Tom/ : Squeek! (103,185,2)
[12:00:25]SAY: Poly/ : OH GOD ITS ABOUT TO DELAMINATE CALL THE SHUTTLE (118,81,2)
[12:00:27]SAY: Poly/ : Wire the solars, you lazy bums! (118,80,2)
[12:00:29]EMOTE: *no key*/(mouse) : <b>The mouse</b> runs in a circle. (77,126,2)
[12:00:32]EMOTE: *no key*/(Poly) : <b>Poly</b> squawks. (118,82,2)
[12:00:36]SAY: Poly/ : Check the crystal, you chucklefucks! (119,82,2)
[12:00:40]SAY: Poly/ : I have lived many lives! (119,81,2)
[12:00:43]EMOTE: *no key*/(monkey (643)) : <b>The monkey (643)</b> rolls. (159,100,2)
[12:00:59]SAY: Poly/ : Wire the solars, you lazy bums! (119,79,2)
[12:01:01]SAY: Poly/ : I have lived many lives! (119,79,2)
[12:01:03]SAY: Poly/ : Wire the solars, you lazy bums! (119,79,2)
[12:01:06]SAY: mouse/ : Squeek? (93,153,2)
[12:01:06]EMOTE: *no key*/(mouse) : <b>The mouse</b> squeeks. (90,82,2)
[12:01:06]SAY: Poly/ : Wire the solars, you lazy bums! (118,79,2)
[12:01:10]SAY: Tom/ : Squeek! (102,186,2)
[12:01:10]EMOTE: *no key*/(grey baby slime (968)) : <b>The grey baby slime (968)</b> jiggles! (176,93,2)
[12:01:14]SAY: Poly/ : I have lived many lives! (119,79,2)
[12:01:18]EMOTE: *no key*/(mouse) : <b>The mouse</b> shakes. (97,78,2)
[12:01:25]EMOTE: *no key*/(Runtime) : <b>Runtime</b> walks around. (159,108,2)
[12:01:29]SAY: mouse/ : Squeek! (89,82,2)
[12:01:31]SAY: Runtime/ : Esp! (159,108,2)
[12:01:35]EMOTE: *no key*/(monkey (968)) : <b>The monkey (968)</b> waves his tail. (157,101,2)
[12:01:35]EMOTE: *no key*/(monkey (321)) : <b>The monkey (321)</b> scratches. (161,119,2)
[12:01:41]SAY: Poly/ : I have lived many lives! (119,80,2)
[12:01:43]SAY: Poly/ : I have lived many lives! (118,80,2)
[12:01:47]EMOTE: *no key*/(Poly) : <b>Poly</b> bawks! (118,79,2)
[12:01:50]EMOTE: *no key*/(monkey (909)) : <b>The monkey (909)</b> jumps! (49,178,5)
[12:01:50]EMOTE: *no key*/(monkey (209)) : <b>The monkey (209)</b> scratches. (157,99,2)
[12:01:54]SAY: Poly/ : I have lived many lives! (119,79,2)
[12:01:56]EMOTE: *no key*/(mouse) : <b>The mouse</b> runs in a circle. (117,160,2)
[12:01:58]EMOTE: *no key*/(Poly) : <b>Poly</b> flutters its wings. (119,79,2)
[12:02:02]SAY: mouse/ : Squeek! (96,78,2)
[12:02:04]EMOTE: *no key*/(Poly) : <b>Poly</b> flutters its wings. (118,79,2)
[12:02:08]SAY: Poly/ : Wire the solars, you lazy bums! (119,79,2)
[12:02:10]EMOTE: *no key*/(mouse) : <b>The mouse</b> squeeks. (185,157,2)
[12:02:10]SAY: emergency Medibot/ : I knew it, I should&#39;ve been a plastic surgeon. (76,124,5)
[12:02:13]EMOTE: *no key*/(grey baby slime (955)) : <b>The grey baby slime (955)</b> vibrates! (167,92,2)
[12:02:14]SAY: emergency Medibot/ : I knew it, I should&#39;ve been a plastic surgeon. (76,124,5)
[12:02:17]EMOTE: *no key*/(monkey (718)) : <b>The monkey (718)</b> rolls. (50,179,5)
[12:02:22]SAY: Nobody's Perfect/ : Radar, put a mask on! (24,75,1)
[12:02:24]EMOTE: *no key*/(mouse) : <b>The mouse</b> squeeks. (78,126,2)
[12:02:27]EMOTE: *no key*/(Poly) : <b>Poly</b> bawks! (118,79,2)
[12:02:31]SAY: Poly/ : Wire the solars, you lazy bums! (118,79,2)
[12:02:33]EMOTE: *no key*/(mouse) : <b>The mouse</b> squeeks. (88,82,2)
[12:02:33]EMOTE: *no key*/(Runtime) : <b>Runtime</b> looks alert. (157,108,2)
[12:02:37]EMOTE: *no key*/(Poly) : <b>Poly</b> bawks! (118,79,2)
[12:02:41]SAY: Nobody's Perfect/ : Radar, put a mask on! (24,75,1)
[12:02:42]EMOTE: *no key*/(monkey (911)) : <b>The monkey (911)</b> scratches. (161,116,2)
[12:02:45]SAY: Poly/ : WHO TOOK THE DAMN HARDSUITS? (118,81,2)
[12:02:46]EMOTE: *no key*/(monkey (911)) : <b>The monkey (911)</b> jumps! (160,116,2)
[12:02:49]EMOTE: *no key*/(Poly) : <b>Poly</b> flutters its wings. (118,81,2)
[12:02:54]EMOTE: *no key*/(monkey (553)) : <b>The monkey (553)</b> waves his tail. (48,178,5)
[12:03:04]SAY: Poly/ : Poly wanna cracker! (116,80,2)
[12:03:08]SAY: Poly/ : Check the crystal, you chucklefucks! (116,80,2)
[12:03:11]EMOTE: *no key*/(monkey (643)) : <b>The monkey (643)</b> scratches. (161,99,2)
[12:03:14]SAY: Runtime/ : Meow! (157,108,2)
[12:03:23]EMOTE: *no key*/(Poly) : <b>Poly</b> squawks. (118,79,2)
[12:03:36]EMOTE: *no key*/(monkey (321)) : <b>The monkey (321)</b> scratches. (160,120,2)
[12:03:44]SAY: Poly/ : I have lived many lives! (119,79,2)
[12:03:45]GAME: Random Event triggering: Minor Space Dust (/datum/round_event/space_dust)
[12:03:46]EMOTE: *no key*/(monkey (643)) : <b>The monkey (643)</b> waves her tail. (161,100,2)
[12:03:48]EMOTE: *no key*/(Poly) : <b>Poly</b> flutters its wings. (119,79,2)
[12:03:57]EMOTE: *no key*/(Poly) : <b>Poly</b> squawks. (118,79,2)
[12:03:59]EMOTE: *no key*/(Runtime) : <b>Runtime</b> crouches on its hind legs. (157,108,2)
[12:03:59]SAY: mouse/ : SQUEEK! (98,76,2)
[12:04:01]EMOTE: *no key*/(Poly) : <b>Poly</b> bawks! (119,79,2)
[12:04:07]SAY: emergency Medibot/ : There&#39;s always a catch, and I&#39;m the best there is. (76,124,5)
[12:04:09]SAY: Poly/ : OH GOD ITS ABOUT TO DELAMINATE CALL THE SHUTTLE (119,79,2)
[12:04:13]EMOTE: *no key*/(Runtime) : <b>Runtime</b> walks around. (157,108,2)
[12:04:24]EMOTE: *no key*/(mouse) : <b>The mouse</b> shakes. (105,98,2)
[12:04:24]SAY: Ian/ : AUUUUUU (110,116,2)
[12:04:27]EMOTE: *no key*/(Poly) : <b>Poly</b> bawks! (119,79,2)
[12:04:29]EMOTE: *no key*/(monkey (50)) : <b>The monkey (50)</b> scratches. (159,99,2)
[12:04:29]EMOTE: *no key*/(Paperwork) : <b>Paperwork</b> snores. (78,123,2)
[12:04:33]EMOTE: *no key*/(Runtime) : <b>Runtime</b> shakes out its coat. (157,110,2)
[12:04:38]EMOTE: *no key*/(monkey (643)) : <b>The monkey (643)</b> rolls. (160,101,2)
[12:04:42]EMOTE: *no key*/(penguin) : <b>Babbe</b> flaps it's wings. (143,136,2)
[12:04:44]ACCESS: Logout: Qwertyquerty/(Default Cyborg-563)
