

Starting up round ID . 11:37:52
---------------------
Initialized Database subsystem within 0 seconds!
Initialized Blackbox subsystem within 0 seconds!
Initialized Server Tasks subsystem within 0 seconds!
Initialized Input subsystem within 0 seconds!
Initialized Research subsystem within 0.1 seconds!
Initialized Events subsystem within 0 seconds!
Initialized Jobs subsystem within 0 seconds!
Initialized Traits subsystem within 0 seconds!
Initialized Ticker subsystem within 0 seconds!
Loading Box Station...
Loaded Station in 12.8s!
Loaded Lavaland in 4.2s!
Loaded Reebe in 3.7s!
Ruin loader finished with 0 left to spend.
Ruin loader finished with 0 left to spend.
Initialized Mapping subsystem within 25.7 seconds!
Initialized Networks subsystem within 0 seconds!
runtime error: 
[11:38:24]Bad areastring path for Vacant Office APC, area/security/vacantoffice
[11:38:24]proc name: stack trace (/datum/proc/stack_trace)
[11:38:24]  source file: unsorted.dm,1257
[11:38:24]  usr: null
[11:38:24]  src: Vacant Office APC (/obj/machinery/power/apc)
[11:38:24]  src.loc: the floor (88,129,2) (/turf/open/floor/plasteel/grimy)
[11:38:24]  call stack:
[11:38:24]Vacant Office APC (/obj/machinery/power/apc): stack trace("Bad areastring path for Vacant...")
[11:38:24]Vacant Office APC (/obj/machinery/power/apc): Initialize(1)
[11:38:24]Atoms (/datum/controller/subsystem/atoms): InitAtom(Vacant Office APC (/obj/machinery/power/apc), /list (/list))
[11:38:24]Atoms (/datum/controller/subsystem/atoms): InitializeAtoms(null)
[11:38:24]Atoms (/datum/controller/subsystem/atoms): Initialize(599009)
[11:38:24]Master (/datum/controller/master): Initialize(10, 0)
Initialized Atoms subsystem within 29.5 seconds!
Initialized Language subsystem within 0 seconds!
Initialized Machines subsystem within 0.1 seconds!
Initialized Circuit subsystem within 0.1 seconds!
Initialized Disease subsystem within 0 seconds!
Initialized Medals subsystem within 0 seconds!
Initialized Night Shift subsystem within 0 seconds!
Initialized Parallax subsystem within 0 seconds!
Initialized Traumas subsystem within 0.1 seconds!
Initialized Weather subsystem within 0 seconds!
## WARNING: build_pipeline(): /obj/machinery/atmospherics/pipe/simple/supply/hidden added to a pipenet while still having one. (pipes leading to the same spot stacking in one turf) Nearby: (108, 118, 2)
## WARNING: build_pipeline(): /obj/machinery/atmospherics/pipe/manifold/supply/hidden added to a pipenet while still having one. (pipes leading to the same spot stacking in one turf) Nearby: (106, 118, 2)
## WARNING: build_pipeline(): /obj/machinery/atmospherics/pipe/simple/supply/hidden added to a pipenet while still having one. (pipes leading to the same spot stacking in one turf) Nearby: (109, 118, 2)
## WARNING: build_pipeline(): /obj/machinery/atmospherics/pipe/simple/supply/hidden added to a pipenet while still having one. (pipes leading to the same spot stacking in one turf) Nearby: (107, 118, 2)
## WARNING: build_pipeline(): /obj/machinery/atmospherics/pipe/simple/supply/hidden added to a pipenet while still having one. (pipes leading to the same spot stacking in one turf) Nearby: (106, 119, 2)
## WARNING: build_pipeline(): /obj/machinery/atmospherics/pipe/simple/supply/hidden added to a pipenet while still having one. (pipes leading to the same spot stacking in one turf) Nearby: (106, 117, 2)
## WARNING: build_pipeline(): /obj/machinery/atmospherics/pipe/simple/supply/hidden added to a pipenet while still having one. (pipes leading to the same spot stacking in one turf) Nearby: (106, 120, 2)
## WARNING: build_pipeline(): /obj/machinery/atmospherics/pipe/simple/supply/hidden added to a pipenet while still having one. (pipes leading to the same spot stacking in one turf) Nearby: (106, 116, 2)
## WARNING: build_pipeline(): /obj/machinery/atmospherics/pipe/simple/supply/hidden added to a pipenet while still having one. (pipes leading to the same spot stacking in one turf) Nearby: (106, 121, 2)
## WARNING: build_pipeline(): /obj/machinery/atmospherics/pipe/simple/supply/hidden added to a pipenet while still having one. (pipes leading to the same spot stacking in one turf) Nearby: (106, 115, 2)
## WARNING: build_pipeline(): further messages about pipenets will be supressed
Initialized Atmospherics subsystem within 9.9 seconds!
Initialized Minimap subsystem within 0.1 seconds!
Initialized Assets subsystem within 0.9 seconds!
Initialized Icon Smoothing subsystem within 5.2 seconds!
Initialized Overlay subsystem within 0.8 seconds!
Initialized XKeyScore subsystem within 0 seconds!
Initialized Sticky Ban subsystem within 0 seconds!
Initialized Lighting subsystem within 9 seconds!
Initialized Shuttle subsystem within 12.4 seconds!
Initialized Squeak subsystem within 0 seconds!
Initialized pathfinder subsystem within 0 seconds!
Initialized Persistence subsystem within 0 seconds!
Initializations complete within 94.3 seconds!
Game start took 0.1s
runtime error: 
[11:52:25]list index out of bounds
[11:52:25]proc name: nullifyPipenet (/obj/machinery/atmospherics/components/proc/nullifyPipenet)
[11:52:25]  source file: components_base.dm,75
[11:52:25]  usr: null
[11:52:25]  src: the Head of Personnel\'s Offic... (/obj/machinery/atmospherics/components/unary/vent_pump/on)
[11:52:25]  src.loc: the floor (109,119,2) (/turf/open/floor/wood)
[11:52:25]  call stack:
[11:52:25]the Head of Personnel\'s Offic... (/obj/machinery/atmospherics/components/unary/vent_pump/on): nullifyPipenet(/datum/pipeline (/datum/pipeline))
[11:52:25]/datum/pipeline (/datum/pipeline): Destroy(0)
[11:52:25]qdel(/datum/pipeline (/datum/pipeline), 0)
[11:52:25]the scrubbers pipe (/obj/machinery/atmospherics/pipe/simple/scrubbers/visible): destroy network()
[11:52:25]the scrubbers pipe (/obj/machinery/atmospherics/pipe/manifold/scrubbers/hidden): disconnect(the scrubbers pipe (/obj/machinery/atmospherics/pipe/simple/scrubbers/visible))
[11:52:25]the scrubbers pipe (/obj/machinery/atmospherics/pipe/simple/scrubbers/visible): nullifyNode(1)
[11:52:25]the scrubbers pipe (/obj/machinery/atmospherics/pipe/simple/scrubbers/visible): nullifyNode(1)
[11:52:25]the scrubbers pipe (/obj/machinery/atmospherics/pipe/simple/scrubbers/visible): Destroy(0)
[11:52:25]the scrubbers pipe (/obj/machinery/atmospherics/pipe/simple/scrubbers/visible): Destroy(0)
[11:52:25]qdel(the scrubbers pipe (/obj/machinery/atmospherics/pipe/simple/scrubbers/visible), 0)
[11:52:25]the scrubbers pipe (/obj/machinery/atmospherics/pipe/simple/scrubbers/visible): deconstruct(0)
[11:52:25]the scrubbers pipe (/obj/machinery/atmospherics/pipe/simple/scrubbers/visible): deconstruct(0)
[11:52:25]the scrubbers pipe (/obj/machinery/atmospherics/pipe/simple/scrubbers/visible): obj destruction("bomb")
[11:52:25]the scrubbers pipe (/obj/machinery/atmospherics/pipe/simple/scrubbers/visible): take damage(228, "brute", "bomb", 0, null, 0)
[11:52:25]the scrubbers pipe (/obj/machinery/atmospherics/pipe/simple/scrubbers/visible): ex act(2, null)
[11:52:25]the reinforced floor (108,61,2) (/turf/open/floor/engine): contents explosion(2, null)
[11:52:25]the reinforced floor (108,61,2) (/turf/open/floor/engine): ex act(2, null)
[11:52:25]/datum/explosion (/datum/explosion): New(space (113,66,2) (/turf/open/space), 3.5875, 9.175, 11.175, 13.175, 1, 1, 0, 0, 0)
runtime error: 
[11:52:25]list index out of bounds
[11:52:25]proc name: nullifyPipenet (/obj/machinery/atmospherics/components/proc/nullifyPipenet)
[11:52:25]  source file: components_base.dm,75
[11:52:25]  usr: null
[11:52:25]  src: the Head of Personnel\'s Offic... (/obj/machinery/atmospherics/components/unary/vent_pump/on)
[11:52:25]  src.loc: the floor (105,115,2) (/turf/open/floor/plasteel)
[11:52:25]  call stack:
[11:52:25]the Head of Personnel\'s Offic... (/obj/machinery/atmospherics/components/unary/vent_pump/on): nullifyPipenet(/datum/pipeline (/datum/pipeline))
[11:52:25]/datum/pipeline (/datum/pipeline): Destroy(0)
[11:52:25]qdel(/datum/pipeline (/datum/pipeline), 0)
[11:52:25]the scrubbers pipe (/obj/machinery/atmospherics/pipe/simple/scrubbers/visible): destroy network()
[11:52:25]the scrubbers pipe (/obj/machinery/atmospherics/pipe/manifold/scrubbers/hidden): disconnect(the scrubbers pipe (/obj/machinery/atmospherics/pipe/simple/scrubbers/visible))
[11:52:25]the scrubbers pipe (/obj/machinery/atmospherics/pipe/simple/scrubbers/visible): nullifyNode(1)
[11:52:25]the scrubbers pipe (/obj/machinery/atmospherics/pipe/simple/scrubbers/visible): nullifyNode(1)
[11:52:25]the scrubbers pipe (/obj/machinery/atmospherics/pipe/simple/scrubbers/visible): Destroy(0)
[11:52:25]the scrubbers pipe (/obj/machinery/atmospherics/pipe/simple/scrubbers/visible): Destroy(0)
[11:52:25]qdel(the scrubbers pipe (/obj/machinery/atmospherics/pipe/simple/scrubbers/visible), 0)
[11:52:25]the scrubbers pipe (/obj/machinery/atmospherics/pipe/simple/scrubbers/visible): deconstruct(0)
[11:52:25]the scrubbers pipe (/obj/machinery/atmospherics/pipe/simple/scrubbers/visible): deconstruct(0)
[11:52:25]the scrubbers pipe (/obj/machinery/atmospherics/pipe/simple/scrubbers/visible): obj destruction("bomb")
[11:52:25]the scrubbers pipe (/obj/machinery/atmospherics/pipe/simple/scrubbers/visible): take damage(228, "brute", "bomb", 0, null, 0)
[11:52:25]the scrubbers pipe (/obj/machinery/atmospherics/pipe/simple/scrubbers/visible): ex act(2, null)
[11:52:25]the reinforced floor (108,61,2) (/turf/open/floor/engine): contents explosion(2, null)
[11:52:25]the reinforced floor (108,61,2) (/turf/open/floor/engine): ex act(2, null)
[11:52:25]/datum/explosion (/datum/explosion): New(space (113,66,2) (/turf/open/space), 3.5875, 9.175, 11.175, 13.175, 1, 1, 0, 0, 0)
runtime error: 
[11:52:25]list index out of bounds
[11:52:25]proc name: nullifyPipenet (/obj/machinery/atmospherics/components/proc/nullifyPipenet)
[11:52:25]  source file: components_base.dm,75
[11:52:25]  usr: null
[11:52:25]  src: the Heads of Staff Meeting Roo... (/obj/machinery/atmospherics/components/unary/vent_pump/on)
[11:52:25]  src.loc: the carpet (102,130,2) (/turf/open/floor/carpet)
[11:52:25]  call stack:
[11:52:25]the Heads of Staff Meeting Roo... (/obj/machinery/atmospherics/components/unary/vent_pump/on): nullifyPipenet(/datum/pipeline (/datum/pipeline))
[11:52:25]/datum/pipeline (/datum/pipeline): Destroy(0)
[11:52:25]qdel(/datum/pipeline (/datum/pipeline), 0)
[11:52:25]the scrubbers pipe (/obj/machinery/atmospherics/pipe/simple/scrubbers/visible): destroy network()
[11:52:25]the scrubbers pipe (/obj/machinery/atmospherics/pipe/manifold/scrubbers/hidden): disconnect(the scrubbers pipe (/obj/machinery/atmospherics/pipe/simple/scrubbers/visible))
[11:52:25]the scrubbers pipe (/obj/machinery/atmospherics/pipe/simple/scrubbers/visible): nullifyNode(1)
[11:52:25]the scrubbers pipe (/obj/machinery/atmospherics/pipe/simple/scrubbers/visible): nullifyNode(1)
[11:52:25]the scrubbers pipe (/obj/machinery/atmospherics/pipe/simple/scrubbers/visible): Destroy(0)
[11:52:25]the scrubbers pipe (/obj/machinery/atmospherics/pipe/simple/scrubbers/visible): Destroy(0)
[11:52:25]qdel(the scrubbers pipe (/obj/machinery/atmospherics/pipe/simple/scrubbers/visible), 0)
[11:52:25]the scrubbers pipe (/obj/machinery/atmospherics/pipe/simple/scrubbers/visible): deconstruct(0)
[11:52:25]the scrubbers pipe (/obj/machinery/atmospherics/pipe/simple/scrubbers/visible): deconstruct(0)
[11:52:25]the scrubbers pipe (/obj/machinery/atmospherics/pipe/simple/scrubbers/visible): obj destruction("bomb")
[11:52:25]the scrubbers pipe (/obj/machinery/atmospherics/pipe/simple/scrubbers/visible): take damage(228, "brute", "bomb", 0, null, 0)
[11:52:25]the scrubbers pipe (/obj/machinery/atmospherics/pipe/simple/scrubbers/visible): ex act(2, null)
[11:52:25]the reinforced floor (108,61,2) (/turf/open/floor/engine): contents explosion(2, null)
[11:52:25]the reinforced floor (108,61,2) (/turf/open/floor/engine): ex act(2, null)
[11:52:25]/datum/explosion (/datum/explosion): New(space (113,66,2) (/turf/open/space), 3.5875, 9.175, 11.175, 13.175, 1, 1, 0, 0, 0)
runtime error: 
[11:52:25]list index out of bounds
[11:52:25]proc name: nullifyPipenet (/obj/machinery/atmospherics/components/proc/nullifyPipenet)
[11:52:25]  source file: components_base.dm,75
[11:52:25]  usr: null
[11:52:25]  src: the Bridge vent pump #1 (/obj/machinery/atmospherics/components/unary/vent_pump/on)
[11:52:25]  src.loc: the floor (117,136,2) (/turf/open/floor/plasteel)
[11:52:25]  call stack:
[11:52:25]the Bridge vent pump #1 (/obj/machinery/atmospherics/components/unary/vent_pump/on): nullifyPipenet(/datum/pipeline (/datum/pipeline))
[11:52:25]/datum/pipeline (/datum/pipeline): Destroy(0)
[11:52:25]qdel(/datum/pipeline (/datum/pipeline), 0)
[11:52:25]the scrubbers pipe (/obj/machinery/atmospherics/pipe/simple/scrubbers/visible): destroy network()
[11:52:25]the scrubbers pipe (/obj/machinery/atmospherics/pipe/manifold/scrubbers/hidden): disconnect(the scrubbers pipe (/obj/machinery/atmospherics/pipe/simple/scrubbers/visible))
[11:52:25]the scrubbers pipe (/obj/machinery/atmospherics/pipe/simple/scrubbers/visible): nullifyNode(1)
[11:52:25]the scrubbers pipe (/obj/machinery/atmospherics/pipe/simple/scrubbers/visible): nullifyNode(1)
[11:52:25]the scrubbers pipe (/obj/machinery/atmospherics/pipe/simple/scrubbers/visible): Destroy(0)
[11:52:25]the scrubbers pipe (/obj/machinery/atmospherics/pipe/simple/scrubbers/visible): Destroy(0)
[11:52:25]qdel(the scrubbers pipe (/obj/machinery/atmospherics/pipe/simple/scrubbers/visible), 0)
[11:52:25]the scrubbers pipe (/obj/machinery/atmospherics/pipe/simple/scrubbers/visible): deconstruct(0)
[11:52:25]the scrubbers pipe (/obj/machinery/atmospherics/pipe/simple/scrubbers/visible): deconstruct(0)
[11:52:25]the scrubbers pipe (/obj/machinery/atmospherics/pipe/simple/scrubbers/visible): obj destruction("bomb")
[11:52:25]the scrubbers pipe (/obj/machinery/atmospherics/pipe/simple/scrubbers/visible): take damage(228, "brute", "bomb", 0, null, 0)
[11:52:25]the scrubbers pipe (/obj/machinery/atmospherics/pipe/simple/scrubbers/visible): ex act(2, null)
[11:52:25]the reinforced floor (108,61,2) (/turf/open/floor/engine): contents explosion(2, null)
[11:52:25]the reinforced floor (108,61,2) (/turf/open/floor/engine): ex act(2, null)
[11:52:25]/datum/explosion (/datum/explosion): New(space (113,66,2) (/turf/open/space), 3.5875, 9.175, 11.175, 13.175, 1, 1, 0, 0, 0)
runtime error: 
[11:52:25]list index out of bounds
[11:52:25]proc name: nullifyPipenet (/obj/machinery/atmospherics/components/proc/nullifyPipenet)
[11:52:25]  source file: components_base.dm,75
[11:52:25]  usr: null
[11:52:25]  src: the Captain\'s Office vent pum... (/obj/machinery/atmospherics/components/unary/vent_pump/on)
[11:52:25]  src.loc: the carpet (123,131,2) (/turf/open/floor/carpet)
[11:52:25]  call stack:
[11:52:25]the Captain\'s Office vent pum... (/obj/machinery/atmospherics/components/unary/vent_pump/on): nullifyPipenet(/datum/pipeline (/datum/pipeline))
[11:52:25]/datum/pipeline (/datum/pipeline): Destroy(0)
[11:52:25]qdel(/datum/pipeline (/datum/pipeline), 0)
[11:52:25]the scrubbers pipe (/obj/machinery/atmospherics/pipe/simple/scrubbers/visible): destroy network()
[11:52:25]the scrubbers pipe (/obj/machinery/atmospherics/pipe/manifold/scrubbers/hidden): disconnect(the scrubbers pipe (/obj/machinery/atmospherics/pipe/simple/scrubbers/visible))
[11:52:25]the scrubbers pipe (/obj/machinery/atmospherics/pipe/simple/scrubbers/visible): nullifyNode(1)
[11:52:25]the scrubbers pipe (/obj/machinery/atmospherics/pipe/simple/scrubbers/visible): nullifyNode(1)
[11:52:25]the scrubbers pipe (/obj/machinery/atmospherics/pipe/simple/scrubbers/visible): Destroy(0)
[11:52:25]the scrubbers pipe (/obj/machinery/atmospherics/pipe/simple/scrubbers/visible): Destroy(0)
[11:52:25]qdel(the scrubbers pipe (/obj/machinery/atmospherics/pipe/simple/scrubbers/visible), 0)
[11:52:25]the scrubbers pipe (/obj/machinery/atmospherics/pipe/simple/scrubbers/visible): deconstruct(0)
[11:52:25]the scrubbers pipe (/obj/machinery/atmospherics/pipe/simple/scrubbers/visible): deconstruct(0)
[11:52:25]the scrubbers pipe (/obj/machinery/atmospherics/pipe/simple/scrubbers/visible): obj destruction("bomb")
[11:52:25]the scrubbers pipe (/obj/machinery/atmospherics/pipe/simple/scrubbers/visible): take damage(228, "brute", "bomb", 0, null, 0)
[11:52:25]the scrubbers pipe (/obj/machinery/atmospherics/pipe/simple/scrubbers/visible): ex act(2, null)
[11:52:25]the reinforced floor (108,61,2) (/turf/open/floor/engine): contents explosion(2, null)
[11:52:25]the reinforced floor (108,61,2) (/turf/open/floor/engine): ex act(2, null)
[11:52:25]/datum/explosion (/datum/explosion): New(space (113,66,2) (/turf/open/space), 3.5875, 9.175, 11.175, 13.175, 1, 1, 0, 0, 0)
runtime error: 
[11:52:25]list index out of bounds
[11:52:25]proc name: nullifyPipenet (/obj/machinery/atmospherics/components/proc/nullifyPipenet)
[11:52:25]  source file: components_base.dm,75
[11:52:25]  usr: null
[11:52:25]  src: the AI Upload Chamber vent pum... (/obj/machinery/atmospherics/components/unary/vent_pump/on)
[11:52:25]  src.loc: the floor (116,128,2) (/turf/open/floor/plasteel/dark)
[11:52:25]  call stack:
[11:52:25]the AI Upload Chamber vent pum... (/obj/machinery/atmospherics/components/unary/vent_pump/on): nullifyPipenet(/datum/pipeline (/datum/pipeline))
[11:52:25]/datum/pipeline (/datum/pipeline): Destroy(0)
[11:52:25]qdel(/datum/pipeline (/datum/pipeline), 0)
[11:52:25]the scrubbers pipe (/obj/machinery/atmospherics/pipe/simple/scrubbers/visible): destroy network()
[11:52:25]the scrubbers pipe (/obj/machinery/atmospherics/pipe/manifold/scrubbers/hidden): disconnect(the scrubbers pipe (/obj/machinery/atmospherics/pipe/simple/scrubbers/visible))
[11:52:25]the scrubbers pipe (/obj/machinery/atmospherics/pipe/simple/scrubbers/visible): nullifyNode(1)
[11:52:25]the scrubbers pipe (/obj/machinery/atmospherics/pipe/simple/scrubbers/visible): nullifyNode(1)
[11:52:25]the scrubbers pipe (/obj/machinery/atmospherics/pipe/simple/scrubbers/visible): Destroy(0)
[11:52:25]the scrubbers pipe (/obj/machinery/atmospherics/pipe/simple/scrubbers/visible): Destroy(0)
[11:52:25]qdel(the scrubbers pipe (/obj/machinery/atmospherics/pipe/simple/scrubbers/visible), 0)
[11:52:25]the scrubbers pipe (/obj/machinery/atmospherics/pipe/simple/scrubbers/visible): deconstruct(0)
[11:52:25]the scrubbers pipe (/obj/machinery/atmospherics/pipe/simple/scrubbers/visible): deconstruct(0)
[11:52:25]the scrubbers pipe (/obj/machinery/atmospherics/pipe/simple/scrubbers/visible): obj destruction("bomb")
[11:52:25]the scrubbers pipe (/obj/machinery/atmospherics/pipe/simple/scrubbers/visible): take damage(228, "brute", "bomb", 0, null, 0)
[11:52:25]the scrubbers pipe (/obj/machinery/atmospherics/pipe/simple/scrubbers/visible): ex act(2, null)
[11:52:25]the reinforced floor (108,61,2) (/turf/open/floor/engine): contents explosion(2, null)
[11:52:25]the reinforced floor (108,61,2) (/turf/open/floor/engine): ex act(2, null)
[11:52:25]/datum/explosion (/datum/explosion): New(space (113,66,2) (/turf/open/space), 3.5875, 9.175, 11.175, 13.175, 1, 1, 0, 0, 0)
runtime error: 
[11:52:25]list index out of bounds
[11:52:25]proc name: nullifyPipenet (/obj/machinery/atmospherics/components/proc/nullifyPipenet)
[11:52:25]  source file: components_base.dm,75
[11:52:25]  usr: null
[11:52:25]  src: the Gravity Generator Room ven... (/obj/machinery/atmospherics/components/unary/vent_pump/on)
[11:52:25]  src.loc: the floor (115,123,2) (/turf/open/floor/plasteel/dark)
[11:52:25]  call stack:
[11:52:25]the Gravity Generator Room ven... (/obj/machinery/atmospherics/components/unary/vent_pump/on): nullifyPipenet(/datum/pipeline (/datum/pipeline))
[11:52:25]/datum/pipeline (/datum/pipeline): Destroy(0)
[11:52:25]qdel(/datum/pipeline (/datum/pipeline), 0)
[11:52:25]the scrubbers pipe (/obj/machinery/atmospherics/pipe/simple/scrubbers/visible): destroy network()
[11:52:25]the scrubbers pipe (/obj/machinery/atmospherics/pipe/manifold/scrubbers/hidden): disconnect(the scrubbers pipe (/obj/machinery/atmospherics/pipe/simple/scrubbers/visible))
[11:52:25]the scrubbers pipe (/obj/machinery/atmospherics/pipe/simple/scrubbers/visible): nullifyNode(1)
[11:52:25]the scrubbers pipe (/obj/machinery/atmospherics/pipe/simple/scrubbers/visible): nullifyNode(1)
[11:52:25]the scrubbers pipe (/obj/machinery/atmospherics/pipe/simple/scrubbers/visible): Destroy(0)
[11:52:25]the scrubbers pipe (/obj/machinery/atmospherics/pipe/simple/scrubbers/visible): Destroy(0)
[11:52:25]qdel(the scrubbers pipe (/obj/machinery/atmospherics/pipe/simple/scrubbers/visible), 0)
[11:52:25]the scrubbers pipe (/obj/machinery/atmospherics/pipe/simple/scrubbers/visible): deconstruct(0)
[11:52:25]the scrubbers pipe (/obj/machinery/atmospherics/pipe/simple/scrubbers/visible): deconstruct(0)
[11:52:25]the scrubbers pipe (/obj/machinery/atmospherics/pipe/simple/scrubbers/visible): obj destruction("bomb")
[11:52:25]the scrubbers pipe (/obj/machinery/atmospherics/pipe/simple/scrubbers/visible): take damage(228, "brute", "bomb", 0, null, 0)
[11:52:25]the scrubbers pipe (/obj/machinery/atmospherics/pipe/simple/scrubbers/visible): ex act(2, null)
[11:52:25]the reinforced floor (108,61,2) (/turf/open/floor/engine): contents explosion(2, null)
[11:52:25]the reinforced floor (108,61,2) (/turf/open/floor/engine): ex act(2, null)
[11:52:25]/datum/explosion (/datum/explosion): New(space (113,66,2) (/turf/open/space), 3.5875, 9.175, 11.175, 13.175, 1, 1, 0, 0, 0)
runtime error: 
[11:52:25]list index out of bounds
[11:52:25]proc name: nullifyPipenet (/obj/machinery/atmospherics/components/proc/nullifyPipenet)
[11:52:25]  source file: components_base.dm,75
[11:52:25]  usr: null
[11:52:25]  src: the Captain\'s Office vent pum... (/obj/machinery/atmospherics/components/unary/vent_pump/on)
[11:52:25]  src.loc: the carpet (122,122,2) (/turf/open/floor/carpet)
[11:52:25]  call stack:
[11:52:25]the Captain\'s Office vent pum... (/obj/machinery/atmospherics/components/unary/vent_pump/on): nullifyPipenet(/datum/pipeline (/datum/pipeline))
[11:52:25]/datum/pipeline (/datum/pipeline): Destroy(0)
[11:52:25]qdel(/datum/pipeline (/datum/pipeline), 0)
[11:52:25]the scrubbers pipe (/obj/machinery/atmospherics/pipe/simple/scrubbers/visible): destroy network()
[11:52:25]the scrubbers pipe (/obj/machinery/atmospherics/pipe/manifold/scrubbers/hidden): disconnect(the scrubbers pipe (/obj/machinery/atmospherics/pipe/simple/scrubbers/visible))
[11:52:25]the scrubbers pipe (/obj/machinery/atmospherics/pipe/simple/scrubbers/visible): nullifyNode(1)
[11:52:25]the scrubbers pipe (/obj/machinery/atmospherics/pipe/simple/scrubbers/visible): nullifyNode(1)
[11:52:25]the scrubbers pipe (/obj/machinery/atmospherics/pipe/simple/scrubbers/visible): Destroy(0)
[11:52:25]the scrubbers pipe (/obj/machinery/atmospherics/pipe/simple/scrubbers/visible): Destroy(0)
[11:52:25]qdel(the scrubbers pipe (/obj/machinery/atmospherics/pipe/simple/scrubbers/visible), 0)
[11:52:25]the scrubbers pipe (/obj/machinery/atmospherics/pipe/simple/scrubbers/visible): deconstruct(0)
[11:52:25]the scrubbers pipe (/obj/machinery/atmospherics/pipe/simple/scrubbers/visible): deconstruct(0)
[11:52:25]the scrubbers pipe (/obj/machinery/atmospherics/pipe/simple/scrubbers/visible): obj destruction("bomb")
[11:52:25]the scrubbers pipe (/obj/machinery/atmospherics/pipe/simple/scrubbers/visible): take damage(228, "brute", "bomb", 0, null, 0)
[11:52:25]the scrubbers pipe (/obj/machinery/atmospherics/pipe/simple/scrubbers/visible): ex act(2, null)
[11:52:25]the reinforced floor (108,61,2) (/turf/open/floor/engine): contents explosion(2, null)
[11:52:25]the reinforced floor (108,61,2) (/turf/open/floor/engine): ex act(2, null)
[11:52:25]/datum/explosion (/datum/explosion): New(space (113,66,2) (/turf/open/space), 3.5875, 9.175, 11.175, 13.175, 1, 1, 0, 0, 0)
runtime error: 
[11:52:25]list index out of bounds
[11:52:25]proc name: nullifyPipenet (/obj/machinery/atmospherics/components/proc/nullifyPipenet)
[11:52:25]  source file: components_base.dm,75
[11:52:25]  usr: null
[11:52:25]  src: the Captain\'s Office vent pum... (/obj/machinery/atmospherics/components/unary/vent_pump/on)
[11:52:25]  src.loc: the floor (118,121,2) (/turf/open/floor/plasteel)
[11:52:25]  call stack:
[11:52:25]the Captain\'s Office vent pum... (/obj/machinery/atmospherics/components/unary/vent_pump/on): nullifyPipenet(/datum/pipeline (/datum/pipeline))
[11:52:25]/datum/pipeline (/datum/pipeline): Destroy(0)
[11:52:25]qdel(/datum/pipeline (/datum/pipeline), 0)
[11:52:25]the scrubbers pipe (/obj/machinery/atmospherics/pipe/simple/scrubbers/visible): destroy network()
[11:52:25]the scrubbers pipe (/obj/machinery/atmospherics/pipe/manifold/scrubbers/hidden): disconnect(the scrubbers pipe (/obj/machinery/atmospherics/pipe/simple/scrubbers/visible))
[11:52:25]the scrubbers pipe (/obj/machinery/atmospherics/pipe/simple/scrubbers/visible): nullifyNode(1)
[11:52:25]the scrubbers pipe (/obj/machinery/atmospherics/pipe/simple/scrubbers/visible): nullifyNode(1)
[11:52:25]the scrubbers pipe (/obj/machinery/atmospherics/pipe/simple/scrubbers/visible): Destroy(0)
[11:52:25]the scrubbers pipe (/obj/machinery/atmospherics/pipe/simple/scrubbers/visible): Destroy(0)
[11:52:25]qdel(the scrubbers pipe (/obj/machinery/atmospherics/pipe/simple/scrubbers/visible), 0)
[11:52:25]the scrubbers pipe (/obj/machinery/atmospherics/pipe/simple/scrubbers/visible): deconstruct(0)
[11:52:25]the scrubbers pipe (/obj/machinery/atmospherics/pipe/simple/scrubbers/visible): deconstruct(0)
[11:52:25]the scrubbers pipe (/obj/machinery/atmospherics/pipe/simple/scrubbers/visible): obj destruction("bomb")
[11:52:25]the scrubbers pipe (/obj/machinery/atmospherics/pipe/simple/scrubbers/visible): take damage(228, "brute", "bomb", 0, null, 0)
[11:52:25]the scrubbers pipe (/obj/machinery/atmospherics/pipe/simple/scrubbers/visible): ex act(2, null)
[11:52:25]the reinforced floor (108,61,2) (/turf/open/floor/engine): contents explosion(2, null)
[11:52:25]the reinforced floor (108,61,2) (/turf/open/floor/engine): ex act(2, null)
[11:52:25]/datum/explosion (/datum/explosion): New(space (113,66,2) (/turf/open/space), 3.5875, 9.175, 11.175, 13.175, 1, 1, 0, 0, 0)
runtime error: 
[11:52:25]list index out of bounds
[11:52:25]proc name: nullifyPipenet (/obj/machinery/atmospherics/components/proc/nullifyPipenet)
[11:52:25]  source file: components_base.dm,75
[11:52:25]  usr: null
[11:52:25]  src: the Gravity Generator Room ven... (/obj/machinery/atmospherics/components/unary/vent_pump/on)
[11:52:25]  src.loc: the floor (114,118,2) (/turf/open/floor/plasteel)
[11:52:25]  call stack:
[11:52:25]the Gravity Generator Room ven... (/obj/machinery/atmospherics/components/unary/vent_pump/on): nullifyPipenet(/datum/pipeline (/datum/pipeline))
[11:52:25]/datum/pipeline (/datum/pipeline): Destroy(0)
[11:52:25]qdel(/datum/pipeline (/datum/pipeline), 0)
[11:52:25]the scrubbers pipe (/obj/machinery/atmospherics/pipe/simple/scrubbers/visible): destroy network()
[11:52:25]the scrubbers pipe (/obj/machinery/atmospherics/pipe/manifold/scrubbers/hidden): disconnect(the scrubbers pipe (/obj/machinery/atmospherics/pipe/simple/scrubbers/visible))
[11:52:25]the scrubbers pipe (/obj/machinery/atmospherics/pipe/simple/scrubbers/visible): nullifyNode(1)
[11:52:25]the scrubbers pipe (/obj/machinery/atmospherics/pipe/simple/scrubbers/visible): nullifyNode(1)
[11:52:25]the scrubbers pipe (/obj/machinery/atmospherics/pipe/simple/scrubbers/visible): Destroy(0)
[11:52:25]the scrubbers pipe (/obj/machinery/atmospherics/pipe/simple/scrubbers/visible): Destroy(0)
[11:52:25]qdel(the scrubbers pipe (/obj/machinery/atmospherics/pipe/simple/scrubbers/visible), 0)
[11:52:25]the scrubbers pipe (/obj/machinery/atmospherics/pipe/simple/scrubbers/visible): deconstruct(0)
[11:52:25]the scrubbers pipe (/obj/machinery/atmospherics/pipe/simple/scrubbers/visible): deconstruct(0)
[11:52:25]the scrubbers pipe (/obj/machinery/atmospherics/pipe/simple/scrubbers/visible): obj destruction("bomb")
[11:52:25]the scrubbers pipe (/obj/machinery/atmospherics/pipe/simple/scrubbers/visible): take damage(228, "brute", "bomb", 0, null, 0)
[11:52:25]the scrubbers pipe (/obj/machinery/atmospherics/pipe/simple/scrubbers/visible): ex act(2, null)
[11:52:25]the reinforced floor (108,61,2) (/turf/open/floor/engine): contents explosion(2, null)
[11:52:25]the reinforced floor (108,61,2) (/turf/open/floor/engine): ex act(2, null)
[11:52:25]/datum/explosion (/datum/explosion): New(space (113,66,2) (/turf/open/space), 3.5875, 9.175, 11.175, 13.175, 1, 1, 0, 0, 0)
runtime error: 
[11:52:25]list index out of bounds
[11:52:25]proc name: nullifyPipenet (/obj/machinery/atmospherics/components/proc/nullifyPipenet)
[11:52:25]  source file: components_base.dm,75
[11:52:25]  usr: null
[11:52:25]  src: the Gravity Generator Room ven... (/obj/machinery/atmospherics/components/unary/vent_pump/on)
[11:52:25]  src.loc: the floor (114,116,2) (/turf/open/floor/plasteel)
[11:52:25]  call stack:
[11:52:25]the Gravity Generator Room ven... (/obj/machinery/atmospherics/components/unary/vent_pump/on): nullifyPipenet(/datum/pipeline (/datum/pipeline))
[11:52:25]/datum/pipeline (/datum/pipeline): Destroy(0)
[11:52:25]qdel(/datum/pipeline (/datum/pipeline), 0)
[11:52:25]the scrubbers pipe (/obj/machinery/atmospherics/pipe/simple/scrubbers/visible): destroy network()
[11:52:25]the scrubbers pipe (/obj/machinery/atmospherics/pipe/manifold/scrubbers/hidden): disconnect(the scrubbers pipe (/obj/machinery/atmospherics/pipe/simple/scrubbers/visible))
[11:52:25]the scrubbers pipe (/obj/machinery/atmospherics/pipe/simple/scrubbers/visible): nullifyNode(1)
[11:52:25]the scrubbers pipe (/obj/machinery/atmospherics/pipe/simple/scrubbers/visible): nullifyNode(1)
[11:52:25]the scrubbers pipe (/obj/machinery/atmospherics/pipe/simple/scrubbers/visible): Destroy(0)
[11:52:25]the scrubbers pipe (/obj/machinery/atmospherics/pipe/simple/scrubbers/visible): Destroy(0)
[11:52:25]qdel(the scrubbers pipe (/obj/machinery/atmospherics/pipe/simple/scrubbers/visible), 0)
[11:52:25]the scrubbers pipe (/obj/machinery/atmospherics/pipe/simple/scrubbers/visible): deconstruct(0)
[11:52:25]the scrubbers pipe (/obj/machinery/atmospherics/pipe/simple/scrubbers/visible): deconstruct(0)
[11:52:25]the scrubbers pipe (/obj/machinery/atmospherics/pipe/simple/scrubbers/visible): obj destruction("bomb")
[11:52:25]the scrubbers pipe (/obj/machinery/atmospherics/pipe/simple/scrubbers/visible): take damage(228, "brute", "bomb", 0, null, 0)
[11:52:25]the scrubbers pipe (/obj/machinery/atmospherics/pipe/simple/scrubbers/visible): ex act(2, null)
[11:52:25]the reinforced floor (108,61,2) (/turf/open/floor/engine): contents explosion(2, null)
[11:52:25]the reinforced floor (108,61,2) (/turf/open/floor/engine): ex act(2, null)
[11:52:25]/datum/explosion (/datum/explosion): New(space (113,66,2) (/turf/open/space), 3.5875, 9.175, 11.175, 13.175, 1, 1, 0, 0, 0)
runtime error: 
[11:52:25]list index out of bounds
[11:52:25]proc name: nullifyPipenet (/obj/machinery/atmospherics/components/proc/nullifyPipenet)
[11:52:25]  source file: components_base.dm,75
[11:52:25]  usr: null
[11:52:25]  src: the Teleporter Room vent pump ... (/obj/machinery/atmospherics/components/unary/vent_pump/on)
[11:52:25]  src.loc: the floor (125,118,2) (/turf/open/floor/plasteel)
[11:52:25]  call stack:
[11:52:25]the Teleporter Room vent pump ... (/obj/machinery/atmospherics/components/unary/vent_pump/on): nullifyPipenet(/datum/pipeline (/datum/pipeline))
[11:52:25]/datum/pipeline (/datum/pipeline): Destroy(0)
[11:52:25]qdel(/datum/pipeline (/datum/pipeline), 0)
[11:52:25]the scrubbers pipe (/obj/machinery/atmospherics/pipe/simple/scrubbers/visible): destroy network()
[11:52:25]the scrubbers pipe (/obj/machinery/atmospherics/pipe/manifold/scrubbers/hidden): disconnect(the scrubbers pipe (/obj/machinery/atmospherics/pipe/simple/scrubbers/visible))
[11:52:25]the scrubbers pipe (/obj/machinery/atmospherics/pipe/simple/scrubbers/visible): nullifyNode(1)
[11:52:25]the scrubbers pipe (/obj/machinery/atmospherics/pipe/simple/scrubbers/visible): nullifyNode(1)
[11:52:25]the scrubbers pipe (/obj/machinery/atmospherics/pipe/simple/scrubbers/visible): Destroy(0)
[11:52:25]the scrubbers pipe (/obj/machinery/atmospherics/pipe/simple/scrubbers/visible): Destroy(0)
[11:52:25]qdel(the scrubbers pipe (/obj/machinery/atmospherics/pipe/simple/scrubbers/visible), 0)
[11:52:25]the scrubbers pipe (/obj/machinery/atmospherics/pipe/simple/scrubbers/visible): deconstruct(0)
[11:52:25]the scrubbers pipe (/obj/machinery/atmospherics/pipe/simple/scrubbers/visible): deconstruct(0)
[11:52:25]the scrubbers pipe (/obj/machinery/atmospherics/pipe/simple/scrubbers/visible): obj destruction("bomb")
[11:52:25]the scrubbers pipe (/obj/machinery/atmospherics/pipe/simple/scrubbers/visible): take damage(228, "brute", "bomb", 0, null, 0)
[11:52:25]the scrubbers pipe (/obj/machinery/atmospherics/pipe/simple/scrubbers/visible): ex act(2, null)
[11:52:25]the reinforced floor (108,61,2) (/turf/open/floor/engine): contents explosion(2, null)
[11:52:25]the reinforced floor (108,61,2) (/turf/open/floor/engine): ex act(2, null)
[11:52:25]/datum/explosion (/datum/explosion): New(space (113,66,2) (/turf/open/space), 3.5875, 9.175, 11.175, 13.175, 1, 1, 0, 0, 0)
runtime error: 
[11:52:25]list index out of bounds
[11:52:25]proc name: nullifyPipenet (/obj/machinery/atmospherics/components/proc/nullifyPipenet)
[11:52:25]  source file: components_base.dm,75
[11:52:25]  usr: null
[11:52:25]  src: the Central Primary Hallway ve... (/obj/machinery/atmospherics/components/unary/vent_pump/on)
[11:52:25]  src.loc: the floor (111,111,2) (/turf/open/floor/plasteel)
[11:52:25]  call stack:
[11:52:25]the Central Primary Hallway ve... (/obj/machinery/atmospherics/components/unary/vent_pump/on): nullifyPipenet(/datum/pipeline (/datum/pipeline))
[11:52:25]/datum/pipeline (/datum/pipeline): Destroy(0)
[11:52:25]qdel(/datum/pipeline (/datum/pipeline), 0)
[11:52:25]the scrubbers pipe (/obj/machinery/atmospherics/pipe/simple/scrubbers/visible): destroy network()
[11:52:25]the scrubbers pipe (/obj/machinery/atmospherics/pipe/manifold/scrubbers/hidden): disconnect(the scrubbers pipe (/obj/machinery/atmospherics/pipe/simple/scrubbers/visible))
[11:52:25]the scrubbers pipe (/obj/machinery/atmospherics/pipe/simple/scrubbers/visible): nullifyNode(1)
[11:52:25]the scrubbers pipe (/obj/machinery/atmospherics/pipe/simple/scrubbers/visible): nullifyNode(1)
[11:52:25]the scrubbers pipe (/obj/machinery/atmospherics/pipe/simple/scrubbers/visible): Destroy(0)
[11:52:25]the scrubbers pipe (/obj/machinery/atmospherics/pipe/simple/scrubbers/visible): Destroy(0)
[11:52:25]qdel(the scrubbers pipe (/obj/machinery/atmospherics/pipe/simple/scrubbers/visible), 0)
[11:52:25]the scrubbers pipe (/obj/machinery/atmospherics/pipe/simple/scrubbers/visible): deconstruct(0)
[11:52:25]the scrubbers pipe (/obj/machinery/atmospherics/pipe/simple/scrubbers/visible): deconstruct(0)
[11:52:25]the scrubbers pipe (/obj/machinery/atmospherics/pipe/simple/scrubbers/visible): obj destruction("bomb")
[11:52:25]the scrubbers pipe (/obj/machinery/atmospherics/pipe/simple/scrubbers/visible): take damage(228, "brute", "bomb", 0, null, 0)
[11:52:25]the scrubbers pipe (/obj/machinery/atmospherics/pipe/simple/scrubbers/visible): ex act(2, null)
[11:52:25]the reinforced floor (108,61,2) (/turf/open/floor/engine): contents explosion(2, null)
[11:52:25]the reinforced floor (108,61,2) (/turf/open/floor/engine): ex act(2, null)
[11:52:25]/datum/explosion (/datum/explosion): New(space (113,66,2) (/turf/open/space), 3.5875, 9.175, 11.175, 13.175, 1, 1, 0, 0, 0)
runtime error: 
[11:52:26]list index out of bounds
[11:52:26]proc name: nullifyPipenet (/obj/machinery/atmospherics/components/proc/nullifyPipenet)
[11:52:26]  source file: components_base.dm,75
[11:52:26]  usr: null
[11:52:26]  src: the Aft Primary Hallway vent p... (/obj/machinery/atmospherics/components/unary/vent_pump/on)
[11:52:26]  src.loc: the floor (114,103,2) (/turf/open/floor/plasteel)
[11:52:26]  call stack:
[11:52:26]the Aft Primary Hallway vent p... (/obj/machinery/atmospherics/components/unary/vent_pump/on): nullifyPipenet(/datum/pipeline (/datum/pipeline))
[11:52:26]/datum/pipeline (/datum/pipeline): Destroy(0)
[11:52:26]qdel(/datum/pipeline (/datum/pipeline), 0)
[11:52:26]the scrubbers pipe (/obj/machinery/atmospherics/pipe/simple/scrubbers/visible): destroy network()
[11:52:26]the scrubbers pipe (/obj/machinery/atmospherics/pipe/manifold/scrubbers/hidden): disconnect(the scrubbers pipe (/obj/machinery/atmospherics/pipe/simple/scrubbers/visible))
[11:52:26]the scrubbers pipe (/obj/machinery/atmospherics/pipe/simple/scrubbers/visible): nullifyNode(1)
[11:52:26]the scrubbers pipe (/obj/machinery/atmospherics/pipe/simple/scrubbers/visible): nullifyNode(1)
[11:52:26]the scrubbers pipe (/obj/machinery/atmospherics/pipe/simple/scrubbers/visible): Destroy(0)
[11:52:26]the scrubbers pipe (/obj/machinery/atmospherics/pipe/simple/scrubbers/visible): Destroy(0)
[11:52:26]qdel(the scrubbers pipe (/obj/machinery/atmospherics/pipe/simple/scrubbers/visible), 0)
[11:52:26]the scrubbers pipe (/obj/machinery/atmospherics/pipe/simple/scrubbers/visible): deconstruct(0)
[11:52:26]the scrubbers pipe (/obj/machinery/atmospherics/pipe/simple/scrubbers/visible): deconstruct(0)
[11:52:26]the scrubbers pipe (/obj/machinery/atmospherics/pipe/simple/scrubbers/visible): obj destruction("bomb")
[11:52:26]the scrubbers pipe (/obj/machinery/atmospherics/pipe/simple/scrubbers/visible): take damage(228, "brute", "bomb", 0, null, 0)
[11:52:26]the scrubbers pipe (/obj/machinery/atmospherics/pipe/simple/scrubbers/visible): ex act(2, null)
[11:52:26]the reinforced floor (108,61,2) (/turf/open/floor/engine): contents explosion(2, null)
[11:52:26]the reinforced floor (108,61,2) (/turf/open/floor/engine): ex act(2, null)
[11:52:26]/datum/explosion (/datum/explosion): New(space (113,66,2) (/turf/open/space), 3.5875, 9.175, 11.175, 13.175, 1, 1, 0, 0, 0)
runtime error: 
[11:52:26]list index out of bounds
[11:52:26]proc name: nullifyPipenet (/obj/machinery/atmospherics/components/proc/nullifyPipenet)
[11:52:26]  source file: components_base.dm,75
[11:52:26]  usr: null
[11:52:26]  src: the Technical Storage vent pum... (/obj/machinery/atmospherics/components/unary/vent_pump/on)
[11:52:26]  src.loc: the plating (109,104,2) (/turf/open/floor/plating)
[11:52:26]  call stack:
[11:52:26]the Technical Storage vent pum... (/obj/machinery/atmospherics/components/unary/vent_pump/on): nullifyPipenet(/datum/pipeline (/datum/pipeline))
[11:52:26]/datum/pipeline (/datum/pipeline): Destroy(0)
[11:52:26]qdel(/datum/pipeline (/datum/pipeline), 0)
[11:52:26]the scrubbers pipe (/obj/machinery/atmospherics/pipe/simple/scrubbers/visible): destroy network()
[11:52:26]the scrubbers pipe (/obj/machinery/atmospherics/pipe/manifold/scrubbers/hidden): disconnect(the scrubbers pipe (/obj/machinery/atmospherics/pipe/simple/scrubbers/visible))
[11:52:26]the scrubbers pipe (/obj/machinery/atmospherics/pipe/simple/scrubbers/visible): nullifyNode(1)
[11:52:26]the scrubbers pipe (/obj/machinery/atmospherics/pipe/simple/scrubbers/visible): nullifyNode(1)
[11:52:26]the scrubbers pipe (/obj/machinery/atmospherics/pipe/simple/scrubbers/visible): Destroy(0)
[11:52:26]the scrubbers pipe (/obj/machinery/atmospherics/pipe/simple/scrubbers/visible): Destroy(0)
[11:52:26]qdel(the scrubbers pipe (/obj/machinery/atmospherics/pipe/simple/scrubbers/visible), 0)
[11:52:26]the scrubbers pipe (/obj/machinery/atmospherics/pipe/simple/scrubbers/visible): deconstruct(0)
[11:52:26]the scrubbers pipe (/obj/machinery/atmospherics/pipe/simple/scrubbers/visible): deconstruct(0)
[11:52:26]the scrubbers pipe (/obj/machinery/atmospherics/pipe/simple/scrubbers/visible): obj destruction("bomb")
[11:52:26]the scrubbers pipe (/obj/machinery/atmospherics/pipe/simple/scrubbers/visible): take damage(228, "brute", "bomb", 0, null, 0)
[11:52:26]the scrubbers pipe (/obj/machinery/atmospherics/pipe/simple/scrubbers/visible): ex act(2, null)
[11:52:26]the reinforced floor (108,61,2) (/turf/open/floor/engine): contents explosion(2, null)
[11:52:26]the reinforced floor (108,61,2) (/turf/open/floor/engine): ex act(2, null)
[11:52:26]/datum/explosion (/datum/explosion): New(space (113,66,2) (/turf/open/space), 3.5875, 9.175, 11.175, 13.175, 1, 1, 0, 0, 0)
runtime error: 
[11:52:26]list index out of bounds
[11:52:26]proc name: nullifyPipenet (/obj/machinery/atmospherics/components/proc/nullifyPipenet)
[11:52:26]  source file: components_base.dm,75
[11:52:26]  usr: null
[11:52:26]  src: the Custodial Closet vent pump... (/obj/machinery/atmospherics/components/unary/vent_pump/on)
[11:52:26]  src.loc: the floor (119,108,2) (/turf/open/floor/plasteel)
[11:52:26]  call stack:
[11:52:26]the Custodial Closet vent pump... (/obj/machinery/atmospherics/components/unary/vent_pump/on): nullifyPipenet(/datum/pipeline (/datum/pipeline))
[11:52:26]/datum/pipeline (/datum/pipeline): Destroy(0)
[11:52:26]qdel(/datum/pipeline (/datum/pipeline), 0)
[11:52:26]the scrubbers pipe (/obj/machinery/atmospherics/pipe/simple/scrubbers/visible): destroy network()
[11:52:26]the scrubbers pipe (/obj/machinery/atmospherics/pipe/manifold/scrubbers/hidden): disconnect(the scrubbers pipe (/obj/machinery/atmospherics/pipe/simple/scrubbers/visible))
[11:52:26]the scrubbers pipe (/obj/machinery/atmospherics/pipe/simple/scrubbers/visible): nullifyNode(1)
[11:52:26]the scrubbers pipe (/obj/machinery/atmospherics/pipe/simple/scrubbers/visible): nullifyNode(1)
[11:52:26]the scrubbers pipe (/obj/machinery/atmospherics/pipe/simple/scrubbers/visible): Destroy(0)
[11:52:26]the scrubbers pipe (/obj/machinery/atmospherics/pipe/simple/scrubbers/visible): Destroy(0)
[11:52:26]qdel(the scrubbers pipe (/obj/machinery/atmospherics/pipe/simple/scrubbers/visible), 0)
[11:52:26]the scrubbers pipe (/obj/machinery/atmospherics/pipe/simple/scrubbers/visible): deconstruct(0)
[11:52:26]the scrubbers pipe (/obj/machinery/atmospherics/pipe/simple/scrubbers/visible): deconstruct(0)
[11:52:26]the scrubbers pipe (/obj/machinery/atmospherics/pipe/simple/scrubbers/visible): obj destruction("bomb")
[11:52:26]the scrubbers pipe (/obj/machinery/atmospherics/pipe/simple/scrubbers/visible): take damage(228, "brute", "bomb", 0, null, 0)
[11:52:26]the scrubbers pipe (/obj/machinery/atmospherics/pipe/simple/scrubbers/visible): ex act(2, null)
[11:52:26]the reinforced floor (108,61,2) (/turf/open/floor/engine): contents explosion(2, null)
[11:52:26]the reinforced floor (108,61,2) (/turf/open/floor/engine): ex act(2, null)
[11:52:26]/datum/explosion (/datum/explosion): New(space (113,66,2) (/turf/open/space), 3.5875, 9.175, 11.175, 13.175, 1, 1, 0, 0, 0)
runtime error: 
[11:52:26]list index out of bounds
[11:52:26]proc name: nullifyPipenet (/obj/machinery/atmospherics/components/proc/nullifyPipenet)
[11:52:26]  source file: components_base.dm,75
[11:52:26]  usr: null
[11:52:26]  src: the Construction Area vent pum... (/obj/machinery/atmospherics/components/unary/vent_pump/on)
[11:52:26]  src.loc: the plating (107,97,2) (/turf/open/floor/plating)
[11:52:26]  call stack:
[11:52:26]the Construction Area vent pum... (/obj/machinery/atmospherics/components/unary/vent_pump/on): nullifyPipenet(/datum/pipeline (/datum/pipeline))
[11:52:26]/datum/pipeline (/datum/pipeline): Destroy(0)
[11:52:26]qdel(/datum/pipeline (/datum/pipeline), 0)
[11:52:26]the scrubbers pipe (/obj/machinery/atmospherics/pipe/simple/scrubbers/visible): destroy network()
[11:52:26]the scrubbers pipe (/obj/machinery/atmospherics/pipe/manifold/scrubbers/hidden): disconnect(the scrubbers pipe (/obj/machinery/atmospherics/pipe/simple/scrubbers/visible))
[11:52:26]the scrubbers pipe (/obj/machinery/atmospherics/pipe/simple/scrubbers/visible): nullifyNode(1)
[11:52:26]the scrubbers pipe (/obj/machinery/atmospherics/pipe/simple/scrubbers/visible): nullifyNode(1)
[11:52:26]the scrubbers pipe (/obj/machinery/atmospherics/pipe/simple/scrubbers/visible): Destroy(0)
[11:52:26]the scrubbers pipe (/obj/machinery/atmospherics/pipe/simple/scrubbers/visible): Destroy(0)
[11:52:26]qdel(the scrubbers pipe (/obj/machinery/atmospherics/pipe/simple/scrubbers/visible), 0)
[11:52:26]the scrubbers pipe (/obj/machinery/atmospherics/pipe/simple/scrubbers/visible): deconstruct(0)
[11:52:26]the scrubbers pipe (/obj/machinery/atmospherics/pipe/simple/scrubbers/visible): deconstruct(0)
[11:52:26]the scrubbers pipe (/obj/machinery/atmospherics/pipe/simple/scrubbers/visible): obj destruction("bomb")
[11:52:26]the scrubbers pipe (/obj/machinery/atmospherics/pipe/simple/scrubbers/visible): take damage(228, "brute", "bomb", 0, null, 0)
[11:52:26]the scrubbers pipe (/obj/machinery/atmospherics/pipe/simple/scrubbers/visible): ex act(2, null)
[11:52:26]the reinforced floor (108,61,2) (/turf/open/floor/engine): contents explosion(2, null)
[11:52:26]the reinforced floor (108,61,2) (/turf/open/floor/engine): ex act(2, null)
[11:52:26]/datum/explosion (/datum/explosion): New(space (113,66,2) (/turf/open/space), 3.5875, 9.175, 11.175, 13.175, 1, 1, 0, 0, 0)
runtime error: 
[11:52:26]list index out of bounds
[11:52:26]proc name: nullifyPipenet (/obj/machinery/atmospherics/components/proc/nullifyPipenet)
[11:52:26]  source file: components_base.dm,75
runtime error: 
[11:52:26]list index out of bounds
[11:52:26]proc name: nullifyPipenet (/obj/machinery/atmospherics/components/proc/nullifyPipenet)
[11:52:26]  source file: components_base.dm,75
runtime error: 
[11:52:26]list index out of bounds
[11:52:26]proc name: nullifyPipenet (/obj/machinery/atmospherics/components/proc/nullifyPipenet)
[11:52:26]  source file: components_base.dm,75
runtime error: 
[11:52:26]list index out of bounds
[11:52:26]proc name: nullifyPipenet (/obj/machinery/atmospherics/components/proc/nullifyPipenet)
[11:52:26]  source file: components_base.dm,75
runtime error: 
[11:52:26]list index out of bounds
[11:52:26]proc name: nullifyPipenet (/obj/machinery/atmospherics/components/proc/nullifyPipenet)
[11:52:26]  source file: components_base.dm,75
runtime error: 
[11:52:26]list index out of bounds
[11:52:26]proc name: nullifyPipenet (/obj/machinery/atmospherics/components/proc/nullifyPipenet)
[11:52:26]  source file: components_base.dm,75
runtime error: 
[11:52:26]list index out of bounds
[11:52:26]proc name: nullifyPipenet (/obj/machinery/atmospherics/components/proc/nullifyPipenet)
[11:52:26]  source file: components_base.dm,75
runtime error: 
[11:52:26]list index out of bounds
[11:52:26]proc name: nullifyPipenet (/obj/machinery/atmospherics/components/proc/nullifyPipenet)
[11:52:26]  source file: components_base.dm,75
runtime error: 
[11:52:26]list index out of bounds
[11:52:26]proc name: nullifyPipenet (/obj/machinery/atmospherics/components/proc/nullifyPipenet)
[11:52:26]  source file: components_base.dm,75
runtime error: 
[11:52:26]list index out of bounds
[11:52:26]proc name: nullifyPipenet (/obj/machinery/atmospherics/components/proc/nullifyPipenet)
[11:52:26]  source file: components_base.dm,75
runtime error: 
[11:52:26]list index out of bounds
[11:52:26]proc name: nullifyPipenet (/obj/machinery/atmospherics/components/proc/nullifyPipenet)
[11:52:26]  source file: components_base.dm,75
runtime error: 
[11:52:26]list index out of bounds
[11:52:26]proc name: nullifyPipenet (/obj/machinery/atmospherics/components/proc/nullifyPipenet)
[11:52:26]  source file: components_base.dm,75
runtime error: 
[11:52:26]list index out of bounds
[11:52:26]proc name: nullifyPipenet (/obj/machinery/atmospherics/components/proc/nullifyPipenet)
[11:52:26]  source file: components_base.dm,75
runtime error: 
[11:52:26]list index out of bounds
[11:52:26]proc name: nullifyPipenet (/obj/machinery/atmospherics/components/proc/nullifyPipenet)
[11:52:26]  source file: components_base.dm,75
runtime error: 
[11:52:26]list index out of bounds
[11:52:26]proc name: nullifyPipenet (/obj/machinery/atmospherics/components/proc/nullifyPipenet)
[11:52:26]  source file: components_base.dm,75
runtime error: 
[11:52:26]list index out of bounds
[11:52:26]proc name: nullifyPipenet (/obj/machinery/atmospherics/components/proc/nullifyPipenet)
[11:52:26]  source file: components_base.dm,75
runtime error: 
[11:52:26]list index out of bounds
[11:52:26]proc name: nullifyPipenet (/obj/machinery/atmospherics/components/proc/nullifyPipenet)
[11:52:26]  source file: components_base.dm,75
runtime error: 
[11:52:26]list index out of bounds
[11:52:26]proc name: nullifyPipenet (/obj/machinery/atmospherics/components/proc/nullifyPipenet)
[11:52:26]  source file: components_base.dm,75
runtime error: 
[11:52:26]list index out of bounds
[11:52:26]proc name: nullifyPipenet (/obj/machinery/atmospherics/components/proc/nullifyPipenet)
[11:52:26]  source file: components_base.dm,75
runtime error: 
[11:52:26]list index out of bounds
[11:52:26]proc name: nullifyPipenet (/obj/machinery/atmospherics/components/proc/nullifyPipenet)
[11:52:26]  source file: components_base.dm,75
runtime error: 
[11:52:26]list index out of bounds
[11:52:26]proc name: nullifyPipenet (/obj/machinery/atmospherics/components/proc/nullifyPipenet)
[11:52:26]  source file: components_base.dm,75
runtime error: 
[11:52:26]list index out of bounds
[11:52:26]proc name: nullifyPipenet (/obj/machinery/atmospherics/components/proc/nullifyPipenet)
[11:52:26]  source file: components_base.dm,75
runtime error: 
[11:52:26]list index out of bounds
[11:52:26]proc name: nullifyPipenet (/obj/machinery/atmospherics/components/proc/nullifyPipenet)
[11:52:26]  source file: components_base.dm,75
runtime error: 
[11:52:26]list index out of bounds
[11:52:26]proc name: nullifyPipenet (/obj/machinery/atmospherics/components/proc/nullifyPipenet)
[11:52:26]  source file: components_base.dm,75
runtime error: 
[11:52:26]list index out of bounds
[11:52:26]proc name: nullifyPipenet (/obj/machinery/atmospherics/components/proc/nullifyPipenet)
[11:52:26]  source file: components_base.dm,75
runtime error: 
[11:52:26]list index out of bounds
[11:52:26]proc name: nullifyPipenet (/obj/machinery/atmospherics/components/proc/nullifyPipenet)
[11:52:26]  source file: components_base.dm,75
runtime error: 
[11:52:26]list index out of bounds
[11:52:26]proc name: nullifyPipenet (/obj/machinery/atmospherics/components/proc/nullifyPipenet)
[11:52:26]  source file: components_base.dm,75
runtime error: 
[11:52:26]list index out of bounds
[11:52:26]proc name: nullifyPipenet (/obj/machinery/atmospherics/components/proc/nullifyPipenet)
[11:52:26]  source file: components_base.dm,75
runtime error: 
[11:52:26]list index out of bounds
[11:52:26]proc name: nullifyPipenet (/obj/machinery/atmospherics/components/proc/nullifyPipenet)
[11:52:26]  source file: components_base.dm,75
runtime error: 
[11:52:26]list index out of bounds
[11:52:26]proc name: nullifyPipenet (/obj/machinery/atmospherics/components/proc/nullifyPipenet)
[11:52:26]  source file: components_base.dm,75
runtime error: 
[11:52:26]list index out of bounds
[11:52:26]proc name: nullifyPipenet (/obj/machinery/atmospherics/components/proc/nullifyPipenet)
[11:52:26]  source file: components_base.dm,75
runtime error: 
[11:52:26]list index out of bounds
[11:52:26]proc name: nullifyPipenet (/obj/machinery/atmospherics/components/proc/nullifyPipenet)
[11:52:26]  source file: components_base.dm,75
runtime error: 
[11:52:26]list index out of bounds
[11:52:26]proc name: nullifyPipenet (/obj/machinery/atmospherics/components/proc/nullifyPipenet)
[11:52:26]  source file: components_base.dm,75
runtime error: 
[11:52:26]list index out of bounds
[11:52:26]proc name: nullifyPipenet (/obj/machinery/atmospherics/components/proc/nullifyPipenet)
[11:52:26]  source file: components_base.dm,75
