

Starting up round ID . 00:08:10
---------------------
[00:08:10]ADMIN: Loading Banlist
[00:08:10]ADMIN: Banlist is empty.
[00:08:10]ADMIN: Banlist missing base dir.
[00:08:10]ACCESS: Login: Qwertyquerty from localhost-714551027 || BYOND v512
[00:08:10]ACCESS: Mob Login: Qwertyquerty/(Qwertyquerty) was assigned to a /mob/dead/new_player
[00:08:14]GAME: Saved mode is 'extended'
[00:08:38]GAME: Hierophant's Arena loaded at at 148,145,5
[00:08:38]GAME: Ruin of Gluttony loaded at at 156,119,5
[00:08:38]GAME: The Wishgranter Cube loaded at at 68,105,5
[00:08:38]GAME: Blood-Drunk Miner loaded at at 139,124,5
[00:08:39]GAME: Seed Vault loaded at at 50,167,5
[00:08:39]GAME: Makeshift Shelter loaded at at 195,126,5
[00:08:39]GAME: Fountain Hall loaded at at 215,187,5
[00:08:39]GAME: Animal Hospital loaded at at 127,161,5
[00:08:39]GAME: Ruin of Envy loaded at at 154,95,5
[00:08:39]GAME: Ancient Cloning Lab loaded at at 149,170,9
[00:08:39]GAME: Asteroid 3 loaded at at 186,183,10
[00:08:39]GAME: Crashed Clown Ship loaded at at 62,167,7
[00:08:39]GAME: Dinner for Two loaded at at 187,105,4
[00:08:39]GAME: Gondoland loaded at at 112,196,8
[00:08:40]GAME: DJ Station loaded at at 25,131,10
[00:08:40]GAME: Survivalist Bunker loaded at at 100,161,7
[00:08:40]GAME: DK Excavator 453 loaded at at 188,33,9
[00:08:40]GAME: The Twin-Nexus Hotel loaded at at 29,153,8
[00:08:41]GAME: Syndicate Ambush loaded at at 26,136,9
[00:08:41]GAME: Empty Shell loaded at at 108,65,8
[00:08:41]GAME: Abandoned Teleporter loaded at at 189,153,7
[00:08:41]GAME: Derelict 3 loaded at at 194,134,10
[00:08:41]GAME: Asteroid 1 loaded at at 40,179,4
[00:08:42]GAME: Kosmicheskaya Stantsiya 13 loaded at at 84,59,11
[00:08:42]GAME: Ordinary Space Tile loaded at at 232,156,3
[00:09:59]GAME: fancy transport ferry loaded at at 115,146,1
[00:09:59]GAME: Box Station Emergency Shuttle loaded at at 116,137,1
[00:10:00]GAME: basic syndicate infiltrator loaded at at 113,137,1
[00:10:00]GAME: cargo ferry (Box) loaded at at 118,142,1
[00:10:00]GAME: labour shuttle (Box) loaded at at 119,144,1
[00:10:00]GAME: arrival shuttle (Box) loaded at at 114,145,1
[00:10:01]GAME: mining shuttle (Box) loaded at at 119,145,1
[00:11:30]SAY: Accidents Happen/ : What kind of medbay is this? Everyone&#39;s dropping like flies. (62,184,8)
[00:11:33]SAY: Prison Ofitser/ : Engaging patrol mode. (23,36,5)
[00:11:33]SAY: Prison Ofitser/ : Disengaging patrol mode. (23,36,5)
[00:11:33]SAY: Officer Beepsky/ : Engaging patrol mode. (94,159,2)
[00:11:38]ACCESS: Mob Login: Qwertyquerty/(Fay Lloyd) was assigned to a /mob/living/carbon/human
[00:11:43]EMOTE: *no key*/(Pegwing) : <b>Pegwing</b> turns and flies towards the bedsheet. (76,175,9)
[00:11:43]EMOTE: *no key*/(Poly) : <b>Poly</b> turns and flies towards the clipboard. (119,82,2)
[00:11:53]SAY: mouse/ : Squeek? (163,102,2)
[00:12:05]EMOTE: *no key*/(monkey (154)) : <b>The monkey (154)</b> scratches. (158,101,2)
[00:12:06]SAY: Poly/ : The things I&#39;ve seen! (118,83,2)
[00:12:08]EMOTE: *no key*/(mouse) : <b>The mouse</b> squeeks. (196,88,2)
[00:12:08]SAY: Poly/ : WHO TOOK THE DAMN HARDSUITS? (118,83,2)
[00:12:14]SAY: Poly/ : WHO TOOK THE DAMN HARDSUITS? (118,83,2)
[00:12:18]EMOTE: *no key*/(mouse) : <b>The mouse</b> squeeks. (150,85,2)
[00:12:20]SAY: Poly/ : WHO TOOK THE DAMN HARDSUITS? (118,83,2)
[00:12:22]SAY: Poly/ : OH GOD ITS ABOUT TO DELAMINATE CALL THE SHUTTLE (118,83,2)
[00:12:24]SAY: mouse/ : Squeek! (119,55,2)
[00:12:26]SAY: Poly/ : WHO TOOK THE DAMN HARDSUITS? (118,83,2)
[00:12:37]EMOTE: *no key*/(monkey (335)) : <b>The monkey (335)</b> rolls. (161,118,2)
[00:12:46]EMOTE: *no key*/(Poly) : <b>Poly</b> squawks. (118,83,2)
[00:12:48]EMOTE: *no key*/(Poly) : <b>Poly</b> looks in the Zippo lighter's direction and takes flight. (118,83,2)
[00:12:48]EMOTE: *no key*/(Poly) : <b>Poly</b> bawks! (118,83,2)
[00:12:52]SAY: Poly/ : WHO TOOK THE DAMN HARDSUITS? (118,83,2)
[00:12:53]EMOTE: *no key*/(monkey (947)) : <b>The monkey (947)</b> scratches. (160,120,2)
[00:13:02]EMOTE: *no key*/(mouse) : <b>The mouse</b> squeeks. (82,86,2)
[00:13:02]SAY: Poly/ : WHO TOOK THE DAMN HARDSUITS? (118,83,2)
[00:13:03]EMOTE: *no key*/(Runtime) : <b>Runtime</b> looks alert. (160,110,2)
[00:13:10]SAY: Babbe/ : noot noot (143,137,2)
[00:13:12]EMOTE: *no key*/(Pegwing) : <b>Pegwing</b> looks in the retractor's direction and takes flight. (74,180,9)
[00:13:14]EMOTE: *no key*/(Poly) : <b>Poly</b> bawks! (118,83,2)
[00:13:20]EMOTE: *no key*/(Poly) : <b>Poly</b> bawks! (118,83,2)
[00:13:26]EMOTE: *no key*/(mouse) : <b>The mouse</b> shakes. (168,149,2)
[00:13:28]EMOTE: *no key*/(Poly) : <b>Poly</b> bawks! (118,83,2)
[00:13:30]SAY: Poly/ : Poly wanna cracker! (118,83,2)
[00:13:32]EMOTE: *no key*/(Tom) : <b>Tom</b> shakes. (99,190,2)
[00:13:36]SAY: mouse/ : SQUEEK! (162,106,2)
[00:13:36]SAY: Poly/ : Wire the solars, you lazy bums! (118,83,2)
[00:13:42]EMOTE: *no key*/(Poly) : <b>Poly</b> looks in the burn patch's direction and takes flight. (118,83,2)
[00:13:53]EMOTE: *no key*/(monkey (616)) : <b>The monkey (616)</b> jumps! (157,99,2)
[00:13:54]SAY: Poly/ : Check the crystal, you chucklefucks! (118,83,2)
[00:13:58]SAY: Poly/ : Poly wanna cracker! (118,83,2)
[00:14:01]EMOTE: *no key*/(monkey (616)) : <b>The monkey (616)</b> waves his tail. (157,100,2)
[00:14:10]EMOTE: *no key*/(Pegwing) : <b>Pegwing</b> looks in the hemostat's direction and takes flight. (74,180,9)
[00:14:10]EMOTE: *no key*/(Poly) : <b>Poly</b> flutters its wings. (118,83,2)
[00:14:12]EMOTE: *no key*/(Poly) : <b>Poly</b> squawks. (118,83,2)
[00:14:14]SAY: Poly/ : OH GOD ITS ABOUT TO DELAMINATE CALL THE SHUTTLE (118,83,2)
[00:14:18]EMOTE: *no key*/(Ian) : <b>Ian</b> yaps. (110,116,2)
[00:14:20]EMOTE: *no key*/(mouse) : <b>The mouse</b> shakes. (86,82,2)
[00:14:20]EMOTE: *no key*/(penguin) : <b>Babbe</b> flaps it's wings. (144,134,2)
[00:14:24]SAY: Poly/ : Poly wanna cracker! (118,83,2)
[00:14:26]SAY: Poly/ : WHO TOOK THE DAMN HARDSUITS? (118,83,2)
[00:14:29]EMOTE: *no key*/(Runtime) : <b>Runtime</b> wags its tail. (160,110,2)
[00:14:32]SAY: Runtime/ : HSSSSS (160,110,2)
[00:14:36]SAY: mouse/ : Squeek! (86,82,2)
[00:14:36]EMOTE: *no key*/(Poly) : <b>Poly</b> looks in the monitor decryption key's direction and takes flight. (118,83,2)
[00:14:36]SAY: Poly/ : WHO TOOK THE DAMN HARDSUITS? (118,83,2)
[00:14:44]EMOTE: *no key*/(mouse) : <b>The mouse</b> squeeks. (136,165,2)
[00:14:44]EMOTE: *no key*/(Tom) : <b>Tom</b> shakes. (103,190,2)
[00:14:56]SAY: Poly/ : Wire the solars, you lazy bums! (118,83,2)
[00:14:58]SAY: mouse/ : Squeek? (196,89,2)
[00:15:00]EMOTE: *no key*/(Poly) : <b>Poly</b> flutters its wings. (118,83,2)
[00:15:02]SAY: Poly/ : The things I&#39;ve seen! (118,83,2)
[00:15:08]EMOTE: *no key*/(Pegwing) : <b>Pegwing</b> looks in the scalpel's direction and takes flight. (74,180,9)
[00:15:22]SAY: mouse/ : Squeek? (82,86,2)
[00:15:23]EMOTE: *no key*/(grey baby slime (523)) : <b>The grey baby slime (523)</b> vibrates! (167,93,2)
[00:15:24]EMOTE: *no key*/(Poly) : <b>Poly</b> bawks! (118,83,2)
[00:15:26]SAY: Accidents Happen/ : Radar, put a mask on! (62,184,8)
[00:15:26]SAY: Poly/ : The things I&#39;ve seen! (118,83,2)
[00:15:30]EMOTE: *no key*/(mouse) : <b>The mouse</b> runs in a circle. (90,82,2)
[00:15:32]EMOTE: *no key*/(Poly) : <b>Poly</b> looks in the chief engineer's rubber stamp's direction and takes flight. (118,83,2)
[00:15:36]EMOTE: *no key*/(Poly) : <b>Poly</b> flutters its wings. (118,81,2)
[00:15:36]EMOTE: *no key*/(Paperwork) : <b>Paperwork</b> dozes off. (75,117,2)
[00:15:38]SAY: Medibot/ : Radar, put a mask on! (155,73,1)
[00:15:38]EMOTE: *no key*/(Poly) : <b>Poly</b> flutters its wings. (118,81,2)
[00:15:40]SAY: mouse/ : SQUEEK! (135,163,2)
[00:15:41]EMOTE: *no key*/(monkey (591)) : <b>The monkey (591)</b> rolls. (158,99,2)
[00:15:41]EMOTE: *no key*/(monkey (652)) : <b>The monkey (652)</b> waves her tail. (160,116,2)
[00:15:42]EMOTE: *no key*/(Poly) : <b>Poly</b> flutters its wings. (118,83,2)
[00:15:45]EMOTE: *no key*/(monkey (335)) : <b>The monkey (335)</b> rolls. (161,119,2)
[00:15:46]EMOTE: *no key*/(Poly) : <b>Poly</b> flutters its wings. (118,83,2)
[00:15:54]SAY: mouse/ : Squeek? (163,108,2)
[00:15:57]EMOTE: *no key*/(monkey (335)) : <b>The monkey (335)</b> rolls. (160,119,2)
[00:15:58]SAY: Ian/ : AUUUUUU (110,116,2)
[00:16:00]SAY: Poly/ : The things I&#39;ve seen! (118,83,2)
[00:16:03]EMOTE: *no key*/(monkey (947)) : <b>The monkey (947)</b> rolls. (160,120,2)
[00:16:06]EMOTE: *no key*/(Pegwing) : <b>Pegwing</b> looks in the cautery's direction and takes flight. (74,180,9)
[00:16:16]SAY: Poly/ : OH GOD ITS ABOUT TO DELAMINATE CALL THE SHUTTLE (118,83,2)
[00:16:18]EMOTE: *no key*/(Runtime) : <b>Runtime</b> mews. (160,110,2)
[00:16:24]EMOTE: *no key*/(Poly) : <b>Poly</b> bawks! (118,83,2)
[00:16:28]SAY: mouse/ : Squeek! (90,82,2)
[00:16:30]EMOTE: *no key*/(Poly) : <b>Poly</b> looks in the Power-ON cartridge's direction and takes flight. (118,83,2)
[00:16:30]EMOTE: *no key*/(Poly) : <b>Poly</b> squawks. (118,83,2)
[00:16:34]SAY: Nobody's Perfect/ : What kind of medbay is this? Everyone&#39;s dropping like flies. (24,75,1)
[00:16:43]EMOTE: *no key*/(Paperwork) : <b>Paperwork</b> snores. (73,115,2)
[00:16:43]EMOTE: *no key*/(grey baby slime (523)) : <b>The grey baby slime (523)</b> bounces in place. (165,92,2)
[00:16:51]SAY: Poly/ : WHO TOOK THE DAMN HARDSUITS? (118,83,2)
[00:16:53]SAY: Poly/ : The things I&#39;ve seen! (118,83,2)
[00:16:55]SAY: Poly/ : Poly wanna cracker! (118,83,2)
[00:16:55]EMOTE: *no key*/(monkey (448)) : <b>The monkey (448)</b> waves her tail. (161,101,2)
[00:16:57]SAY: Poly/ : Wire the solars, you lazy bums! (118,83,2)
[00:16:59]EMOTE: *no key*/(monkey (947)) : <b>The monkey (947)</b> jumps! (160,119,2)
[00:17:01]SAY: Poly/ : Check the crystal, you chucklefucks! (118,83,2)
[00:17:01]EMOTE: *no key*/(monkey (935)) : <b>The monkey (935)</b> waves her tail. (160,116,2)
[00:17:03]EMOTE: *no key*/(Poly) : <b>Poly</b> squawks. (118,83,2)
[00:17:05]EMOTE: *no key*/(Runtime) : <b>Runtime</b> stretches out for a belly rub. (160,110,2)
[00:17:09]SAY: Poly/ : Wire the solars, you lazy bums! (118,83,2)
[00:17:21]EMOTE: *no key*/(penguin) : <b>Babbe</b> shakes its beak. (144,132,2)
[00:17:23]EMOTE: *no key*/(Pegwing) : <b>Pegwing</b> flutters its wings. (74,180,9)
[00:17:23]EMOTE: *no key*/(monkey (666)) : <b>The monkey (666)</b> scratches. (160,116,2)
[00:17:25]EMOTE: *no key*/(Poly) : <b>Poly</b> flutters its wings. (118,83,2)
[00:17:29]EMOTE: *no key*/(Poly) : <b>Poly</b> looks in the Power-ON cartridge's direction and takes flight. (118,83,2)
[00:17:37]SAY: mouse/ : Squeek? (165,80,2)
[00:17:41]SAY: Babbe/ : noot noot (143,132,2)
[00:17:47]SAY: Accidents Happen/ : Delicious! (62,184,8)
[00:17:49]EMOTE: *no key*/(penguin) : <b>Babbe</b> noots! (143,132,2)
[00:17:51]EMOTE: *no key*/(monkey (335)) : <b>The monkey (335)</b> scratches. (160,120,2)
[00:17:57]SAY: Runtime/ : Meow! (160,110,2)
[00:18:01]EMOTE: *no key*/(Poly) : <b>Poly</b> bawks! (118,83,2)
[00:18:01]EMOTE: *no key*/(Runtime) : <b>Runtime</b> gets up and meows. (160,110,2)
[00:18:13]EMOTE: *no key*/(Poly) : <b>Poly</b> squawks. (118,83,2)
[00:18:15]EMOTE: *no key*/(monkey (666)) : <b>The monkey (666)</b> rolls. (160,117,2)
[00:18:19]SAY: Poly/ : The things I&#39;ve seen! (118,83,2)
[00:18:21]SAY: Poly/ : The things I&#39;ve seen! (118,83,2)
[00:18:27]EMOTE: *no key*/(Poly) : <b>Poly</b> looks in the Power-ON cartridge's direction and takes flight. (118,83,2)
[00:18:27]SAY: Poly/ : Wire the solars, you lazy bums! (118,83,2)
[00:18:27]EMOTE: *no key*/(penguin) : <b>Babbe</b> gakkers! (143,132,2)
[00:18:27]EMOTE: *no key*/(monkey (226)) : <b>The monkey (226)</b> jumps! (160,118,2)
[00:18:35]SAY: Poly/ : The things I&#39;ve seen! (118,83,2)
[00:18:43]EMOTE: *no key*/(Poly) : <b>Poly</b> flutters its wings. (118,83,2)
[00:18:51]SAY: Medibot/ : There&#39;s always a catch, and I&#39;m the best there is. (154,73,1)
[00:18:53]SAY: Poly/ : Poly wanna cracker! (118,83,2)
[00:18:53]EMOTE: *no key*/(monkey (666)) : <b>The monkey (666)</b> jumps! (160,117,2)
[00:19:01]EMOTE: *no key*/(Poly) : <b>Poly</b> flutters its wings. (118,83,2)
[00:19:01]SAY: Nobody's Perfect/ : Delicious! (24,75,1)
[00:19:05]EMOTE: *no key*/(Poly) : <b>Poly</b> bawks! (118,83,2)
[00:19:09]SAY: Poly/ : WHO TOOK THE DAMN HARDSUITS? (118,83,2)
[00:19:09]EMOTE: *no key*/(monkey (935)) : <b>The monkey (935)</b> waves her tail. (160,116,2)
[00:19:13]SAY: Poly/ : WHO TOOK THE DAMN HARDSUITS? (118,83,2)
[00:19:13]EMOTE: *no key*/(monkey (616)) : <b>The monkey (616)</b> jumps! (157,101,2)
[00:19:15]SAY: Poly/ : OH GOD ITS ABOUT TO DELAMINATE CALL THE SHUTTLE (118,83,2)
[00:19:15]SAY: Ian/ : Bark! (109,116,2)
[00:19:17]SAY: Poly/ : Wire the solars, you lazy bums! (118,83,2)
[00:19:18]EMOTE: *no key*/(butterfly) : <b>The butterfly</b> stops moving... (220,185,5)
[00:19:24]GAME: Random Event triggering: Minor Space Dust (/datum/round_event/space_dust)
[00:19:25]EMOTE: *no key*/(Poly) : <b>Poly</b> looks in the BreatheDeep cartridge's direction and takes flight. (118,83,2)
[00:19:29]EMOTE: *no key*/(Poly) : <b>Poly</b> flutters its wings. (118,80,2)
[00:19:31]SAY: Poly/ : WHO TOOK THE DAMN HARDSUITS? (118,80,2)
[00:19:35]SAY: mouse/ : Squeek! (119,57,2)
[00:19:37]SAY: mouse/ : SQUEEK! (166,148,2)
[00:19:37]SAY: Poly/ : The things I&#39;ve seen! (118,83,2)
[00:19:39]EMOTE: *no key*/(monkey (226)) : <b>The monkey (226)</b> rolls. (161,116,2)
[00:19:45]SAY: mouse/ : SQUEEK! (119,56,2)
[00:19:45]SAY: Nobody's Perfect/ : I knew it, I should&#39;ve been a plastic surgeon. (24,75,1)
[00:19:50]SAY: Medibot/ : What kind of medbay is this? Everyone&#39;s dropping like flies. (154,73,1)
[00:19:54]SAY: mouse/ : SQUEEK! (166,147,2)
[00:20:03]EMOTE: *no key*/(monkey (335)) : <b>The monkey (335)</b> waves her tail. (161,119,2)
[00:20:08]SAY: Poly/ : The things I&#39;ve seen! (118,83,2)
[00:20:15]EMOTE: *no key*/(monkey (226)) : <b>The monkey (226)</b> waves her tail. (161,116,2)
[00:20:20]EMOTE: *no key*/(Runtime) : <b>Runtime</b> mews. (158,109,2)
[00:20:24]SAY: Poly/ : Poly wanna cracker! (118,83,2)
[00:20:28]EMOTE: *no key*/(Poly) : <b>Poly</b> bawks! (118,83,2)
[00:20:29]EMOTE: *no key*/(monkey (935)) : <b>The monkey (935)</b> rolls. (160,120,2)
[00:20:30]ACCESS: Logout: Qwertyquerty/(Fay Lloyd)
