

Starting up round ID . 00:08:10
---------------------
Initialized Database subsystem within 0 seconds!
Initialized Blackbox subsystem within 0 seconds!
Initialized Server Tasks subsystem within 0 seconds!
Initialized Input subsystem within 0 seconds!
Initialized Research subsystem within 0 seconds!
Initialized Events subsystem within 0 seconds!
Initialized Jobs subsystem within 0 seconds!
Initialized Traits subsystem within 0 seconds!
Initialized Ticker subsystem within 0 seconds!
Loading Box Station...
Loaded Station in 13s!
Loaded Lavaland in 4.4s!
Loaded Reebe in 3.9s!
Ruin loader finished with 0 left to spend.
Ruin loader finished with 0 left to spend.
Initialized Mapping subsystem within 28.9 seconds!
Initialized Networks subsystem within 0 seconds!
runtime error: 
[00:08:46]Bad areastring path for Vacant Office APC, area/security/vacantoffice
[00:08:46]proc name: stack trace (/datum/proc/stack_trace)
[00:08:46]  source file: unsorted.dm,1257
[00:08:46]  usr: null
[00:08:46]  src: Vacant Office APC (/obj/machinery/power/apc)
[00:08:46]  src.loc: the floor (88,129,2) (/turf/open/floor/plasteel/grimy)
[00:08:46]  call stack:
[00:08:46]Vacant Office APC (/obj/machinery/power/apc): stack trace("Bad areastring path for Vacant...")
[00:08:46]Vacant Office APC (/obj/machinery/power/apc): Initialize(1)
[00:08:46]Atoms (/datum/controller/subsystem/atoms): InitAtom(Vacant Office APC (/obj/machinery/power/apc), /list (/list))
[00:08:46]Atoms (/datum/controller/subsystem/atoms): InitializeAtoms(null)
[00:08:46]Atoms (/datum/controller/subsystem/atoms): Initialize(185229)
[00:08:46]Master (/datum/controller/master): Initialize(10, 0)
Initialized Atoms subsystem within 33.7 seconds!
Initialized Language subsystem within 0 seconds!
Initialized Machines subsystem within 0.2 seconds!
Initialized Circuit subsystem within 0.1 seconds!
Initialized Disease subsystem within 0 seconds!
Initialized Medals subsystem within 0 seconds!
Initialized Night Shift subsystem within 0 seconds!
Initialized Parallax subsystem within 0 seconds!
Initialized Traumas subsystem within 0.1 seconds!
Initialized Weather subsystem within 0 seconds!
## WARNING: There are 11 active turfs at roundstart, this is a mapping error caused by a difference of the air between the adjacent turfs. You can see its coordinates using "Mapping -> Show roundstart AT list" verb (debug verbs required)
## WARNING: HEY! LISTEN! 1 second were wasted processing 11 turf(s) (connected to 21581 other turfs) with atmos differences at round start.
## WARNING: build_pipeline(): /obj/machinery/atmospherics/pipe/simple/supply/hidden added to a pipenet while still having one. (pipes leading to the same spot stacking in one turf) Nearby: (108, 118, 2)
## WARNING: build_pipeline(): /obj/machinery/atmospherics/pipe/manifold/supply/hidden added to a pipenet while still having one. (pipes leading to the same spot stacking in one turf) Nearby: (106, 118, 2)
## WARNING: build_pipeline(): /obj/machinery/atmospherics/pipe/simple/supply/hidden added to a pipenet while still having one. (pipes leading to the same spot stacking in one turf) Nearby: (109, 118, 2)
## WARNING: build_pipeline(): /obj/machinery/atmospherics/pipe/simple/supply/hidden added to a pipenet while still having one. (pipes leading to the same spot stacking in one turf) Nearby: (107, 118, 2)
## WARNING: build_pipeline(): /obj/machinery/atmospherics/pipe/simple/supply/hidden added to a pipenet while still having one. (pipes leading to the same spot stacking in one turf) Nearby: (106, 119, 2)
## WARNING: build_pipeline(): /obj/machinery/atmospherics/pipe/simple/supply/hidden added to a pipenet while still having one. (pipes leading to the same spot stacking in one turf) Nearby: (106, 117, 2)
## WARNING: build_pipeline(): /obj/machinery/atmospherics/pipe/simple/supply/hidden added to a pipenet while still having one. (pipes leading to the same spot stacking in one turf) Nearby: (106, 120, 2)
## WARNING: build_pipeline(): /obj/machinery/atmospherics/pipe/simple/supply/hidden added to a pipenet while still having one. (pipes leading to the same spot stacking in one turf) Nearby: (106, 116, 2)
## WARNING: build_pipeline(): /obj/machinery/atmospherics/pipe/simple/supply/hidden added to a pipenet while still having one. (pipes leading to the same spot stacking in one turf) Nearby: (106, 121, 2)
## WARNING: build_pipeline(): /obj/machinery/atmospherics/pipe/simple/supply/hidden added to a pipenet while still having one. (pipes leading to the same spot stacking in one turf) Nearby: (106, 115, 2)
## WARNING: build_pipeline(): further messages about pipenets will be supressed
Initialized Atmospherics subsystem within 12.4 seconds!
Initialized Minimap subsystem within 0 seconds!
Initialized Assets subsystem within 0.9 seconds!
Initialized Icon Smoothing subsystem within 5.8 seconds!
Initialized Overlay subsystem within 0.8 seconds!
Initialized XKeyScore subsystem within 0 seconds!
Initialized Sticky Ban subsystem within 0 seconds!
Initialized Lighting subsystem within 10.9 seconds!
Initialized Shuttle subsystem within 13.1 seconds!
Initialized Squeak subsystem within 0.1 seconds!
Initialized pathfinder subsystem within 0 seconds!
Initialized Persistence subsystem within 0 seconds!
Initializations complete within 107.3 seconds!
Game start took 0s
runtime error: 
[00:11:46]nothing to animate
[00:11:46]proc name: shake camera (/proc/shake_camera)
[00:11:46]  source file: mob_helpers.dm,270
[00:11:46]  usr: (src)
[00:11:46]  src: null
[00:11:46]  call stack:
[00:11:46]shake camera(Fay Lloyd (/mob/living/carbon/human), 0.75, 1)
[00:11:46]Fay Lloyd (/mob/living/carbon/human): afterShuttleMove(space (27,20,13) (/turf/open/space/transit/west), /list (/list), 8, 8, 8, 0)
[00:11:46]Fay Lloyd (/mob/living/carbon/human): afterShuttleMove(space (27,20,13) (/turf/open/space/transit/west), /list (/list), 8, 8, 8, 0)
[00:11:46]the arrivals shuttle (/obj/docking_port/mobile/arrivals): cleanup runway(the arrivals (/obj/docking_port/stationary), /list (/list), /list (/list), /list (/list), /list (/list), 0, 8, Space (/area/space), /turf/open/space/transit/west (/turf/open/space/transit/west), /turf/open/space (/turf/open/space))
[00:11:46]the arrivals shuttle (/obj/docking_port/mobile/arrivals): initiate docking(the arrivals (/obj/docking_port/stationary), 8, 0)
[00:11:46]the arrivals shuttle (/obj/docking_port/mobile/arrivals): initiate docking(the arrivals (/obj/docking_port/stationary), 8)
[00:11:46]the arrivals shuttle (/obj/docking_port/mobile/arrivals): check()
[00:11:46]the arrivals shuttle (/obj/docking_port/mobile/arrivals): check()
[00:11:46]Shuttle (/datum/controller/subsystem/shuttle): fire(0)
[00:11:46]Shuttle (/datum/controller/subsystem/shuttle): ignite(0)
